Watching for file changes with StatReloader
[05/Sep/2019 09:30:54] "GET /servicenow/apps/ HTTP/1.1" 200 1988
[05/Sep/2019 09:30:55] "GET /servicenow/apps/ HTTP/1.1" 200 1988
[05/Sep/2019 09:30:57] "GET /servicenow/apps/ HTTP/1.1" 200 1988
[05/Sep/2019 09:30:59] "GET /servicenow/apps/ HTTP/1.1" 200 1988
[05/Sep/2019 09:31:02] "GET /dashboard/ HTTP/1.1" 200 4068
[05/Sep/2019 09:31:02] "GET /static/dashboard/gridstack.css HTTP/1.1" 304 0
[05/Sep/2019 09:31:02] "GET /static/dashboard/gridstack.jQueryUI.js HTTP/1.1" 304 0
[05/Sep/2019 09:31:02] "GET /static/dashboard/gridstack.js HTTP/1.1" 304 0
[05/Sep/2019 09:31:03] "GET /servicenow/apps/ HTTP/1.1" 200 1988
[05/Sep/2019 09:31:23] "GET /servicenow/apps/ HTTP/1.1" 200 1988
[05/Sep/2019 09:31:24] "GET /servicenow/apps/ HTTP/1.1" 200 1988
[05/Sep/2019 09:31:29] "GET /servicenow/apps/ HTTP/1.1" 200 1988
[05/Sep/2019 09:31:33] "GET /servicenow/apps/ HTTP/1.1" 200 1988
[05/Sep/2019 09:31:52] "GET /dashboard/ HTTP/1.1" 200 4068
[05/Sep/2019 09:31:52] "GET /static/dashboard/gridstack.css HTTP/1.1" 304 0
[05/Sep/2019 09:31:53] "GET /static/dashboard/gridstack.js HTTP/1.1" 304 0
[05/Sep/2019 09:31:53] "GET /static/dashboard/gridstack.jQueryUI.js HTTP/1.1" 304 0
[05/Sep/2019 09:31:53] "GET /servicenow/apps/ HTTP/1.1" 200 1988
[05/Sep/2019 09:31:53] "GET /servicenow/apps/ HTTP/1.1" 200 1988
[05/Sep/2019 09:31:54] "GET /servicenow/apps/ HTTP/1.1" 200 1988
[05/Sep/2019 09:31:59] "GET /servicenow/apps/ HTTP/1.1" 200 1988
[05/Sep/2019 09:32:23] "GET /servicenow/apps/ HTTP/1.1" 200 1988
[05/Sep/2019 09:32:24] "GET /servicenow/apps/ HTTP/1.1" 200 1988
[05/Sep/2019 09:32:24] "GET /servicenow/apps/ HTTP/1.1" 200 1988
[05/Sep/2019 09:32:29] "GET /servicenow/apps/ HTTP/1.1" 200 1988
[05/Sep/2019 09:32:53] "GET /servicenow/apps/ HTTP/1.1" 200 1988
[05/Sep/2019 09:32:53] "GET /servicenow/apps/ HTTP/1.1" 200 1988
[05/Sep/2019 09:32:54] "GET /servicenow/apps/ HTTP/1.1" 200 1988
[05/Sep/2019 09:32:59] "GET /servicenow/apps/ HTTP/1.1" 200 1988
[05/Sep/2019 09:33:23] "GET /servicenow/apps/ HTTP/1.1" 200 1988
[05/Sep/2019 09:33:23] "GET /servicenow/apps/ HTTP/1.1" 200 1988
[05/Sep/2019 09:33:24] "GET /servicenow/apps/ HTTP/1.1" 200 1988
[05/Sep/2019 09:33:29] "GET /servicenow/apps/ HTTP/1.1" 200 1988
[05/Sep/2019 09:33:53] "GET /servicenow/apps/ HTTP/1.1" 200 1988
[05/Sep/2019 09:33:53] "GET /servicenow/apps/ HTTP/1.1" 200 1988
[05/Sep/2019 09:33:54] "GET /servicenow/apps/ HTTP/1.1" 200 1988
[05/Sep/2019 09:33:59] "GET /servicenow/apps/ HTTP/1.1" 200 1988
[05/Sep/2019 09:34:23] "GET /servicenow/apps/ HTTP/1.1" 200 1988
[05/Sep/2019 09:34:23] "GET /servicenow/apps/ HTTP/1.1" 200 1988
[05/Sep/2019 09:34:24] "GET /servicenow/apps/ HTTP/1.1" 200 1988
[05/Sep/2019 09:34:29] "GET /servicenow/apps/ HTTP/1.1" 200 1988
[05/Sep/2019 09:34:53] "GET /servicenow/apps/ HTTP/1.1" 200 1988
[05/Sep/2019 09:34:53] "GET /servicenow/apps/ HTTP/1.1" 200 1988
[05/Sep/2019 09:34:54] "GET /servicenow/apps/ HTTP/1.1" 200 1988
[05/Sep/2019 09:34:59] "GET /servicenow/apps/ HTTP/1.1" 200 1988
[05/Sep/2019 09:35:23] "GET /servicenow/apps/ HTTP/1.1" 200 1988
[05/Sep/2019 09:35:23] "GET /servicenow/apps/ HTTP/1.1" 200 1988
[05/Sep/2019 09:35:24] "GET /servicenow/apps/ HTTP/1.1" 200 1988
[05/Sep/2019 09:35:29] "GET /servicenow/apps/ HTTP/1.1" 200 1988
[05/Sep/2019 09:35:41] "GET /dashboard/ HTTP/1.1" 200 4068
[05/Sep/2019 09:35:41] "GET /static/dashboard/gridstack.css HTTP/1.1" 304 0
[05/Sep/2019 09:35:41] "GET /static/dashboard/gridstack.jQueryUI.js HTTP/1.1" 304 0
[05/Sep/2019 09:35:41] "GET /static/dashboard/gridstack.js HTTP/1.1" 304 0
[05/Sep/2019 09:35:41] "GET /static/dashboard/dashboard.js HTTP/1.1" 200 6019
[05/Sep/2019 09:35:42] "GET /static/dashboard/icon-sprite.png HTTP/1.1" 200 61854
[05/Sep/2019 09:35:42] "GET /servicenow/apps/ HTTP/1.1" 200 1988
[05/Sep/2019 09:35:53] "GET /servicenow/apps/ HTTP/1.1" 200 1988
[05/Sep/2019 09:35:54] "GET /servicenow/apps/ HTTP/1.1" 200 1988
[05/Sep/2019 09:35:59] "GET /servicenow/apps/ HTTP/1.1" 200 1988
[05/Sep/2019 09:36:12] "GET /servicenow/apps/ HTTP/1.1" 200 1988
[05/Sep/2019 09:36:23] "GET /servicenow/apps/ HTTP/1.1" 200 1988
[05/Sep/2019 09:36:24] "GET /servicenow/apps/ HTTP/1.1" 200 1988
[05/Sep/2019 09:36:29] "GET /servicenow/apps/ HTTP/1.1" 200 1988
[05/Sep/2019 09:36:42] "GET /servicenow/apps/ HTTP/1.1" 200 1988
[05/Sep/2019 09:36:53] "GET /servicenow/apps/ HTTP/1.1" 200 1988
[05/Sep/2019 09:36:54] "GET /servicenow/apps/ HTTP/1.1" 200 1988
[05/Sep/2019 09:36:59] "GET /servicenow/apps/ HTTP/1.1" 200 1988
[05/Sep/2019 09:37:12] "GET /servicenow/apps/ HTTP/1.1" 200 1988
[05/Sep/2019 09:37:23] "GET /servicenow/apps/ HTTP/1.1" 200 1988
[05/Sep/2019 09:37:24] "GET /servicenow/apps/ HTTP/1.1" 200 1988
[05/Sep/2019 09:37:29] "GET /servicenow/apps/ HTTP/1.1" 200 1988
[05/Sep/2019 09:37:42] "GET /servicenow/apps/ HTTP/1.1" 200 1988
[05/Sep/2019 09:37:54] "GET /servicenow/apps/ HTTP/1.1" 200 1988
[05/Sep/2019 09:37:54] "GET /servicenow/apps/ HTTP/1.1" 200 1988
[05/Sep/2019 09:37:59] "GET /servicenow/apps/ HTTP/1.1" 200 1988
[05/Sep/2019 09:38:12] "GET /servicenow/apps/ HTTP/1.1" 200 1988
[05/Sep/2019 09:38:24] "GET /servicenow/apps/ HTTP/1.1" 200 1988
[05/Sep/2019 09:38:24] "GET /servicenow/apps/ HTTP/1.1" 200 1988
[05/Sep/2019 09:38:29] "GET /servicenow/apps/ HTTP/1.1" 200 1988
[05/Sep/2019 09:38:42] "GET /servicenow/apps/ HTTP/1.1" 200 1988
[05/Sep/2019 09:38:54] "GET /servicenow/apps/ HTTP/1.1" 200 1988
[05/Sep/2019 09:38:54] "GET /servicenow/apps/ HTTP/1.1" 200 1988
[05/Sep/2019 09:38:59] "GET /servicenow/apps/ HTTP/1.1" 200 1988
[05/Sep/2019 09:39:12] "GET /servicenow/apps/ HTTP/1.1" 200 1988
[05/Sep/2019 09:39:24] "GET /servicenow/apps/ HTTP/1.1" 200 1988
[05/Sep/2019 09:39:24] "GET /servicenow/apps/ HTTP/1.1" 200 1988
[05/Sep/2019 09:39:29] "GET /servicenow/apps/ HTTP/1.1" 200 1988
[05/Sep/2019 09:39:37] "GET /dashboard/ HTTP/1.1" 200 4068
[05/Sep/2019 09:39:37] "GET /static/dashboard/gridstack.css HTTP/1.1" 304 0
[05/Sep/2019 09:39:37] "GET /static/dashboard/gridstack.js HTTP/1.1" 304 0
[05/Sep/2019 09:39:37] "GET /static/dashboard/gridstack.jQueryUI.js HTTP/1.1" 304 0
[05/Sep/2019 09:39:38] "GET /servicenow/apps/ HTTP/1.1" 200 1988
[05/Sep/2019 09:39:42] "GET /servicenow/apps/ HTTP/1.1" 200 1988
[05/Sep/2019 09:39:54] "GET /servicenow/apps/ HTTP/1.1" 200 1988
[05/Sep/2019 09:39:59] "GET /servicenow/apps/ HTTP/1.1" 200 1988
[05/Sep/2019 09:40:08] "GET /servicenow/apps/ HTTP/1.1" 200 1988
[05/Sep/2019 09:40:12] "GET /servicenow/apps/ HTTP/1.1" 200 1988
[05/Sep/2019 09:40:24] "GET /servicenow/apps/ HTTP/1.1" 200 1988
[05/Sep/2019 09:40:29] "GET /servicenow/apps/ HTTP/1.1" 200 1988
[05/Sep/2019 09:40:38] "GET /servicenow/apps/ HTTP/1.1" 200 1988
[05/Sep/2019 09:40:42] "GET /servicenow/apps/ HTTP/1.1" 200 1988
[05/Sep/2019 09:40:54] "GET /servicenow/apps/ HTTP/1.1" 200 1988
[05/Sep/2019 09:40:59] "GET /servicenow/apps/ HTTP/1.1" 200 1988
[05/Sep/2019 09:41:03] "GET /servicenow/incs/ HTTP/1.1" 200 822
[05/Sep/2019 09:41:03] "GET /servicenow/apps/ HTTP/1.1" 200 1988
[05/Sep/2019 09:41:03] "GET /servicenow/incs/INC04/ HTTP/1.1" 200 160
[05/Sep/2019 09:41:05] "GET /servicenow/incs/INC01/ HTTP/1.1" 200 172
[05/Sep/2019 09:41:08] "GET /servicenow/apps/ HTTP/1.1" 200 1988
[05/Sep/2019 09:41:12] "GET /servicenow/apps/ HTTP/1.1" 200 1988
[05/Sep/2019 09:41:13] "GET /servicenow/incs/ HTTP/1.1" 200 822
[05/Sep/2019 09:41:13] "GET /servicenow/apps/ HTTP/1.1" 200 1988
[05/Sep/2019 09:41:13] "GET /servicenow/incs/INC01/ HTTP/1.1" 200 172
[05/Sep/2019 09:41:15] "GET /servicenow/incs/INC01/ HTTP/1.1" 200 172
[05/Sep/2019 09:41:24] "GET /servicenow/incs/ HTTP/1.1" 200 822
[05/Sep/2019 09:41:24] "GET /servicenow/incs/INC01/ HTTP/1.1" 200 172
[05/Sep/2019 09:41:24] "GET /servicenow/apps/ HTTP/1.1" 200 1988
[05/Sep/2019 09:41:24] "GET /servicenow/apps/ HTTP/1.1" 200 1988
[05/Sep/2019 09:41:25] "GET /servicenow/incs/INC04/ HTTP/1.1" 200 160
[05/Sep/2019 09:41:29] "GET /servicenow/apps/ HTTP/1.1" 200 1988
[05/Sep/2019 09:41:38] "GET /servicenow/apps/ HTTP/1.1" 200 1988
[05/Sep/2019 09:41:42] "GET /servicenow/apps/ HTTP/1.1" 200 1988
[05/Sep/2019 09:41:54] "GET /servicenow/apps/ HTTP/1.1" 200 1988
[05/Sep/2019 09:41:59] "GET /servicenow/apps/ HTTP/1.1" 200 1988
[05/Sep/2019 09:42:08] "GET /servicenow/apps/ HTTP/1.1" 200 1988
[05/Sep/2019 09:42:12] "GET /servicenow/apps/ HTTP/1.1" 200 1988
[05/Sep/2019 09:42:25] "GET /servicenow/apps/ HTTP/1.1" 200 1988
[05/Sep/2019 09:42:29] "GET /servicenow/apps/ HTTP/1.1" 200 1988
[05/Sep/2019 09:42:38] "GET /servicenow/apps/ HTTP/1.1" 200 1988
[05/Sep/2019 09:42:42] "GET /servicenow/apps/ HTTP/1.1" 200 1988
[05/Sep/2019 09:42:54] "GET /servicenow/apps/ HTTP/1.1" 200 1988
[05/Sep/2019 09:42:59] "GET /servicenow/apps/ HTTP/1.1" 200 1988
[05/Sep/2019 09:43:08] "GET /servicenow/apps/ HTTP/1.1" 200 1988
[05/Sep/2019 09:43:12] "GET /servicenow/apps/ HTTP/1.1" 200 1988
[05/Sep/2019 09:43:24] "GET /servicenow/apps/ HTTP/1.1" 200 1988
[05/Sep/2019 09:43:29] "GET /servicenow/apps/ HTTP/1.1" 200 1988
[05/Sep/2019 09:43:38] "GET /servicenow/apps/ HTTP/1.1" 200 1988
[05/Sep/2019 09:43:42] "GET /servicenow/apps/ HTTP/1.1" 200 1988
[05/Sep/2019 09:43:54] "GET /servicenow/apps/ HTTP/1.1" 200 1988
[05/Sep/2019 09:43:59] "GET /servicenow/apps/ HTTP/1.1" 200 1988
[05/Sep/2019 09:44:08] "GET /servicenow/apps/ HTTP/1.1" 200 1988
[05/Sep/2019 09:44:12] "GET /servicenow/apps/ HTTP/1.1" 200 1988
[05/Sep/2019 09:44:24] "GET /servicenow/apps/ HTTP/1.1" 200 1988
[05/Sep/2019 09:44:29] "GET /servicenow/apps/ HTTP/1.1" 200 1988
[05/Sep/2019 09:44:38] "GET /servicenow/apps/ HTTP/1.1" 200 1988
[05/Sep/2019 09:44:42] "GET /servicenow/apps/ HTTP/1.1" 200 1988
[05/Sep/2019 09:44:54] "GET /servicenow/apps/ HTTP/1.1" 200 1988
[05/Sep/2019 09:44:59] "GET /servicenow/apps/ HTTP/1.1" 200 1988
[05/Sep/2019 09:45:09] "GET /servicenow/apps/ HTTP/1.1" 200 1988
[05/Sep/2019 09:45:12] "GET /servicenow/apps/ HTTP/1.1" 200 1988
[05/Sep/2019 09:45:24] "GET /servicenow/apps/ HTTP/1.1" 200 1988
[05/Sep/2019 09:45:29] "GET /servicenow/apps/ HTTP/1.1" 200 1988
[05/Sep/2019 09:45:39] "GET /servicenow/apps/ HTTP/1.1" 200 1988
[05/Sep/2019 09:45:42] "GET /servicenow/apps/ HTTP/1.1" 200 1988
[05/Sep/2019 09:45:54] "GET /servicenow/apps/ HTTP/1.1" 200 1988
[05/Sep/2019 09:45:59] "GET /servicenow/apps/ HTTP/1.1" 200 1988
[05/Sep/2019 09:46:09] "GET /servicenow/apps/ HTTP/1.1" 200 1988
[05/Sep/2019 09:46:12] "GET /servicenow/apps/ HTTP/1.1" 200 1988
[05/Sep/2019 09:46:22] "GET /servicenow/incs/INC04/ HTTP/1.1" 200 160
[05/Sep/2019 09:46:24] "GET /servicenow/apps/ HTTP/1.1" 200 1988
[05/Sep/2019 09:46:28] "GET /servicenow/incs/INC04/ HTTP/1.1" 200 160
[05/Sep/2019 09:46:29] "GET /servicenow/apps/ HTTP/1.1" 200 1988
[05/Sep/2019 09:46:39] "GET /servicenow/apps/ HTTP/1.1" 200 1988
[05/Sep/2019 09:46:42] "GET /servicenow/apps/ HTTP/1.1" 200 1988
[05/Sep/2019 09:46:46] "GET /servicenow/incs/ HTTP/1.1" 200 822
[05/Sep/2019 09:46:46] "GET /servicenow/apps/ HTTP/1.1" 200 1988
[05/Sep/2019 09:46:46] "GET /servicenow/incs/INC04/ HTTP/1.1" 200 160
[05/Sep/2019 09:46:51] "GET /servicenow/incs/INC04/ HTTP/1.1" 200 160
[05/Sep/2019 09:46:54] "GET /servicenow/apps/ HTTP/1.1" 200 1988
[05/Sep/2019 09:46:59] "GET /servicenow/apps/ HTTP/1.1" 200 1988
[05/Sep/2019 09:47:09] "GET /servicenow/apps/ HTTP/1.1" 200 1988
[05/Sep/2019 09:47:12] "GET /servicenow/apps/ HTTP/1.1" 200 1988
[05/Sep/2019 09:47:24] "GET /servicenow/apps/ HTTP/1.1" 200 1988
[05/Sep/2019 09:47:30] "GET /servicenow/apps/ HTTP/1.1" 200 1988
[05/Sep/2019 09:47:39] "GET /servicenow/apps/ HTTP/1.1" 200 1988
[05/Sep/2019 09:47:42] "GET /servicenow/apps/ HTTP/1.1" 200 1988
[05/Sep/2019 09:47:54] "GET /servicenow/apps/ HTTP/1.1" 200 1988
[05/Sep/2019 09:47:58] "GET /servicenow/incs/INC04/ HTTP/1.1" 200 160
[05/Sep/2019 09:47:59] "GET /servicenow/apps/ HTTP/1.1" 200 1988
[05/Sep/2019 09:48:08] "GET /servicenow/incs/ HTTP/1.1" 200 822
[05/Sep/2019 09:48:08] "GET /servicenow/incs/INC04/ HTTP/1.1" 200 160
[05/Sep/2019 09:48:08] "GET /servicenow/apps/ HTTP/1.1" 200 1988
[05/Sep/2019 09:48:09] "GET /servicenow/apps/ HTTP/1.1" 200 1988
[05/Sep/2019 09:48:11] "GET /servicenow/incs/INC04/ HTTP/1.1" 200 160
[05/Sep/2019 09:48:12] "GET /servicenow/apps/ HTTP/1.1" 200 1988
[05/Sep/2019 09:48:24] "GET /servicenow/apps/ HTTP/1.1" 200 1988
[05/Sep/2019 09:48:29] "GET /servicenow/apps/ HTTP/1.1" 200 1988
[05/Sep/2019 09:48:30] "GET /servicenow/incs/ HTTP/1.1" 200 822
[05/Sep/2019 09:48:30] "GET /servicenow/apps/ HTTP/1.1" 200 1988
[05/Sep/2019 09:48:30] "GET /servicenow/incs/INC04/ HTTP/1.1" 200 160
[05/Sep/2019 09:48:32] "GET /servicenow/incs/INC04/ HTTP/1.1" 200 160
[05/Sep/2019 09:48:39] "GET /servicenow/apps/ HTTP/1.1" 200 1988
[05/Sep/2019 09:48:42] "GET /servicenow/apps/ HTTP/1.1" 200 1988
[05/Sep/2019 09:48:54] "GET /servicenow/apps/ HTTP/1.1" 200 1988
[05/Sep/2019 09:48:59] "GET /servicenow/apps/ HTTP/1.1" 200 1988
[05/Sep/2019 09:49:09] "GET /servicenow/apps/ HTTP/1.1" 200 1988
[05/Sep/2019 09:49:12] "GET /servicenow/apps/ HTTP/1.1" 200 1988
[05/Sep/2019 09:49:24] "GET /servicenow/apps/ HTTP/1.1" 200 1988
[05/Sep/2019 09:49:29] "GET /servicenow/apps/ HTTP/1.1" 200 1988
[05/Sep/2019 09:49:39] "GET /servicenow/apps/ HTTP/1.1" 200 1988
[05/Sep/2019 09:49:42] "GET /servicenow/apps/ HTTP/1.1" 200 1988
[05/Sep/2019 09:50:00] "GET /servicenow/apps/ HTTP/1.1" 200 1988
[05/Sep/2019 09:50:09] "GET /servicenow/apps/ HTTP/1.1" 200 1988
[05/Sep/2019 09:50:12] "GET /servicenow/apps/ HTTP/1.1" 200 1988
[05/Sep/2019 09:50:20] "GET /servicenow/apps/ HTTP/1.1" 200 1988
[05/Sep/2019 09:50:30] "GET /servicenow/apps/ HTTP/1.1" 200 1988
[05/Sep/2019 09:50:39] "GET /servicenow/apps/ HTTP/1.1" 200 1988
[05/Sep/2019 09:50:42] "GET /servicenow/apps/ HTTP/1.1" 200 1988
[05/Sep/2019 09:50:50] "GET /servicenow/apps/ HTTP/1.1" 200 1988
[05/Sep/2019 09:51:00] "GET /servicenow/apps/ HTTP/1.1" 200 1988
[05/Sep/2019 09:51:09] "GET /servicenow/apps/ HTTP/1.1" 200 1988
[05/Sep/2019 09:51:12] "GET /servicenow/apps/ HTTP/1.1" 200 1988
[05/Sep/2019 09:51:20] "GET /servicenow/apps/ HTTP/1.1" 200 1988
[05/Sep/2019 09:51:30] "GET /servicenow/apps/ HTTP/1.1" 200 1988
[05/Sep/2019 09:51:35] "GET /servicenow/incs/ HTTP/1.1" 200 822
[05/Sep/2019 09:51:35] "GET /servicenow/apps/ HTTP/1.1" 200 1988
[05/Sep/2019 09:51:37] "GET /servicenow/incs/INC02/ HTTP/1.1" 200 156
[05/Sep/2019 09:51:39] "GET /servicenow/apps/ HTTP/1.1" 200 1988
[05/Sep/2019 09:51:39] "GET /servicenow/incs/ HTTP/1.1" 200 822
[05/Sep/2019 09:51:39] "GET /servicenow/apps/ HTTP/1.1" 200 1988
[05/Sep/2019 09:51:40] "GET /servicenow/incs/INC03 HTTP/1.1" 301 0
[05/Sep/2019 09:51:41] "GET /servicenow/incs/INC03/ HTTP/1.1" 200 174
[05/Sep/2019 09:51:42] "GET /servicenow/apps/ HTTP/1.1" 200 1988
[05/Sep/2019 09:51:50] "GET /servicenow/apps/ HTTP/1.1" 200 1988
[05/Sep/2019 09:52:00] "GET /servicenow/apps/ HTTP/1.1" 200 1988
[05/Sep/2019 09:52:09] "GET /servicenow/apps/ HTTP/1.1" 200 1988
[05/Sep/2019 09:52:12] "GET /servicenow/apps/ HTTP/1.1" 200 1988
[05/Sep/2019 09:52:20] "GET /servicenow/apps/ HTTP/1.1" 200 1988
[05/Sep/2019 09:52:30] "GET /servicenow/apps/ HTTP/1.1" 200 1988
[05/Sep/2019 09:52:39] "GET /servicenow/apps/ HTTP/1.1" 200 1988
[05/Sep/2019 09:52:42] "GET /servicenow/apps/ HTTP/1.1" 200 1988
[05/Sep/2019 09:52:50] "GET /servicenow/apps/ HTTP/1.1" 200 1988
[05/Sep/2019 09:53:00] "GET /servicenow/apps/ HTTP/1.1" 200 1988
[05/Sep/2019 09:53:08] "GET /servicenow/apps/ HTTP/1.1" 200 1988
[05/Sep/2019 09:53:12] "GET /servicenow/apps/ HTTP/1.1" 200 1988
[05/Sep/2019 09:53:20] "GET /servicenow/apps/ HTTP/1.1" 200 1988
[05/Sep/2019 09:53:30] "GET /servicenow/apps/ HTTP/1.1" 200 1988
[05/Sep/2019 09:53:38] "GET /servicenow/apps/ HTTP/1.1" 200 1988
[05/Sep/2019 09:53:42] "GET /servicenow/apps/ HTTP/1.1" 200 1988
[05/Sep/2019 09:53:50] "GET /servicenow/apps/ HTTP/1.1" 200 1988
[05/Sep/2019 09:54:00] "GET /servicenow/apps/ HTTP/1.1" 200 1988
[05/Sep/2019 09:54:09] "GET /servicenow/apps/ HTTP/1.1" 200 1988
[05/Sep/2019 09:54:12] "GET /servicenow/apps/ HTTP/1.1" 200 1988
[05/Sep/2019 09:54:20] "GET /servicenow/apps/ HTTP/1.1" 200 1988
[05/Sep/2019 09:54:30] "GET /servicenow/apps/ HTTP/1.1" 200 1988
[05/Sep/2019 09:54:39] "GET /servicenow/apps/ HTTP/1.1" 200 1988
[05/Sep/2019 09:54:42] "GET /servicenow/apps/ HTTP/1.1" 200 1988
[05/Sep/2019 09:54:50] "GET /servicenow/apps/ HTTP/1.1" 200 1988
[05/Sep/2019 09:55:00] "GET /servicenow/apps/ HTTP/1.1" 200 1988
[05/Sep/2019 09:55:09] "GET /servicenow/apps/ HTTP/1.1" 200 1988
[05/Sep/2019 09:55:12] "GET /servicenow/apps/ HTTP/1.1" 200 1988
[05/Sep/2019 09:55:20] "GET /servicenow/apps/ HTTP/1.1" 200 1988
[05/Sep/2019 09:55:30] "GET /servicenow/apps/ HTTP/1.1" 200 1988
[05/Sep/2019 09:55:39] "GET /servicenow/apps/ HTTP/1.1" 200 1988
[05/Sep/2019 09:55:42] "GET /servicenow/apps/ HTTP/1.1" 200 1988
[05/Sep/2019 09:55:50] "GET /servicenow/apps/ HTTP/1.1" 200 1988
[05/Sep/2019 09:56:00] "GET /servicenow/apps/ HTTP/1.1" 200 1988
[05/Sep/2019 09:56:09] "GET /servicenow/apps/ HTTP/1.1" 200 1988
[05/Sep/2019 09:56:12] "GET /servicenow/apps/ HTTP/1.1" 200 1988
[05/Sep/2019 09:56:20] "GET /servicenow/apps/ HTTP/1.1" 200 1988
[05/Sep/2019 09:56:30] "GET /servicenow/apps/ HTTP/1.1" 200 1988
[05/Sep/2019 09:56:39] "GET /servicenow/apps/ HTTP/1.1" 200 1988
[05/Sep/2019 09:56:42] "GET /servicenow/apps/ HTTP/1.1" 200 1988
[05/Sep/2019 09:56:50] "GET /servicenow/apps/ HTTP/1.1" 200 1988
[05/Sep/2019 09:56:52] "GET /dashboard/ HTTP/1.1" 200 4068
[05/Sep/2019 09:56:52] "GET /static/dashboard/gridstack.css HTTP/1.1" 304 0
[05/Sep/2019 09:56:52] "GET /static/dashboard/gridstack.js HTTP/1.1" 304 0
[05/Sep/2019 09:56:52] "GET /static/dashboard/gridstack.jQueryUI.js HTTP/1.1" 304 0
[05/Sep/2019 09:56:52] "GET /static/dashboard/dashboard.js HTTP/1.1" 304 0
[05/Sep/2019 09:56:52] "GET /static/dashboard/icon-sprite.png HTTP/1.1" 304 0
[05/Sep/2019 09:56:52] "GET /servicenow/apps/ HTTP/1.1" 200 1988
[05/Sep/2019 09:57:00] "GET /servicenow/apps/ HTTP/1.1" 200 1988
[05/Sep/2019 09:57:09] "GET /servicenow/apps/ HTTP/1.1" 200 1988
[05/Sep/2019 09:57:20] "GET /servicenow/apps/ HTTP/1.1" 200 1988
[05/Sep/2019 09:57:22] "GET /servicenow/apps/ HTTP/1.1" 200 1988
[05/Sep/2019 09:57:30] "GET /servicenow/apps/ HTTP/1.1" 200 1988
[05/Sep/2019 09:57:39] "GET /servicenow/apps/ HTTP/1.1" 200 1988
[05/Sep/2019 09:57:50] "GET /servicenow/apps/ HTTP/1.1" 200 1988
[05/Sep/2019 09:57:52] "GET /servicenow/apps/ HTTP/1.1" 200 1988
[05/Sep/2019 09:58:00] "GET /servicenow/apps/ HTTP/1.1" 200 1988
[05/Sep/2019 09:58:09] "GET /servicenow/apps/ HTTP/1.1" 200 1988
[05/Sep/2019 09:58:20] "GET /servicenow/apps/ HTTP/1.1" 200 1988
[05/Sep/2019 09:58:22] "GET /servicenow/apps/ HTTP/1.1" 200 1988
[05/Sep/2019 09:58:30] "GET /servicenow/apps/ HTTP/1.1" 200 1988
[05/Sep/2019 09:58:39] "GET /servicenow/apps/ HTTP/1.1" 200 1988
[05/Sep/2019 09:58:50] "GET /servicenow/apps/ HTTP/1.1" 200 1988
[05/Sep/2019 09:58:52] "GET /servicenow/apps/ HTTP/1.1" 200 1988
[05/Sep/2019 09:59:00] "GET /servicenow/apps/ HTTP/1.1" 200 1988
[05/Sep/2019 09:59:09] "GET /servicenow/apps/ HTTP/1.1" 200 1988
[05/Sep/2019 09:59:20] "GET /servicenow/apps/ HTTP/1.1" 200 1988
[05/Sep/2019 09:59:22] "GET /servicenow/apps/ HTTP/1.1" 200 1988
[05/Sep/2019 09:59:30] "GET /servicenow/apps/ HTTP/1.1" 200 1988
[05/Sep/2019 09:59:50] "GET /servicenow/apps/ HTTP/1.1" 200 1988
[05/Sep/2019 09:59:52] "GET /servicenow/apps/ HTTP/1.1" 200 1988
[05/Sep/2019 10:00:00] "GET /servicenow/apps/ HTTP/1.1" 200 1988
[05/Sep/2019 10:00:20] "GET /servicenow/apps/ HTTP/1.1" 200 1988
[05/Sep/2019 10:00:22] "GET /servicenow/apps/ HTTP/1.1" 200 1988
[05/Sep/2019 10:00:30] "GET /servicenow/apps/ HTTP/1.1" 200 1988
[05/Sep/2019 10:00:50] "GET /servicenow/apps/ HTTP/1.1" 200 1988
[05/Sep/2019 10:00:52] "GET /servicenow/apps/ HTTP/1.1" 200 1988
[05/Sep/2019 10:01:00] "GET /servicenow/apps/ HTTP/1.1" 200 1988
[05/Sep/2019 10:01:20] "GET /servicenow/apps/ HTTP/1.1" 200 1988
[05/Sep/2019 10:01:22] "GET /servicenow/apps/ HTTP/1.1" 200 1988
[05/Sep/2019 10:01:30] "GET /servicenow/apps/ HTTP/1.1" 200 1988
[05/Sep/2019 10:01:50] "GET /servicenow/apps/ HTTP/1.1" 200 1988
[05/Sep/2019 10:01:52] "GET /servicenow/apps/ HTTP/1.1" 200 1988
[05/Sep/2019 10:02:00] "GET /servicenow/apps/ HTTP/1.1" 200 1988
[05/Sep/2019 10:02:20] "GET /servicenow/apps/ HTTP/1.1" 200 1988
[05/Sep/2019 10:02:22] "GET /servicenow/apps/ HTTP/1.1" 200 1988
[05/Sep/2019 10:02:30] "GET /servicenow/apps/ HTTP/1.1" 200 1988
[05/Sep/2019 10:02:50] "GET /servicenow/apps/ HTTP/1.1" 200 1988
[05/Sep/2019 10:02:52] "GET /servicenow/apps/ HTTP/1.1" 200 1988
[05/Sep/2019 10:03:00] "GET /servicenow/apps/ HTTP/1.1" 200 1988
[05/Sep/2019 10:03:20] "GET /servicenow/apps/ HTTP/1.1" 200 1988
[05/Sep/2019 10:03:22] "GET /servicenow/apps/ HTTP/1.1" 200 1988
[05/Sep/2019 10:03:30] "GET /servicenow/apps/ HTTP/1.1" 200 1988
[05/Sep/2019 10:03:50] "GET /servicenow/apps/ HTTP/1.1" 200 1988
[05/Sep/2019 10:03:52] "GET /servicenow/apps/ HTTP/1.1" 200 1988
[05/Sep/2019 10:04:00] "GET /servicenow/apps/ HTTP/1.1" 200 1988
[05/Sep/2019 10:04:20] "GET /servicenow/apps/ HTTP/1.1" 200 1988
[05/Sep/2019 10:04:22] "GET /servicenow/apps/ HTTP/1.1" 200 1988
[05/Sep/2019 10:04:30] "GET /servicenow/apps/ HTTP/1.1" 200 1988
[05/Sep/2019 10:04:50] "GET /servicenow/apps/ HTTP/1.1" 200 1988
[05/Sep/2019 10:04:52] "GET /servicenow/apps/ HTTP/1.1" 200 1988
[05/Sep/2019 10:05:00] "GET /servicenow/apps/ HTTP/1.1" 200 1988
[05/Sep/2019 10:05:20] "GET /servicenow/apps/ HTTP/1.1" 200 1988
[05/Sep/2019 10:05:22] "GET /servicenow/apps/ HTTP/1.1" 200 1988
[05/Sep/2019 10:05:30] "GET /servicenow/apps/ HTTP/1.1" 200 1988
[05/Sep/2019 10:05:50] "GET /servicenow/apps/ HTTP/1.1" 200 1988
[05/Sep/2019 10:05:52] "GET /servicenow/apps/ HTTP/1.1" 200 1988
[05/Sep/2019 10:06:00] "GET /servicenow/apps/ HTTP/1.1" 200 1988
[05/Sep/2019 10:06:20] "GET /servicenow/apps/ HTTP/1.1" 200 1988
[05/Sep/2019 10:06:22] "GET /servicenow/apps/ HTTP/1.1" 200 1988
[05/Sep/2019 10:06:30] "GET /servicenow/apps/ HTTP/1.1" 200 1988
[05/Sep/2019 10:06:50] "GET /servicenow/apps/ HTTP/1.1" 200 1988
[05/Sep/2019 10:06:52] "GET /servicenow/apps/ HTTP/1.1" 200 1988
[05/Sep/2019 10:07:00] "GET /servicenow/apps/ HTTP/1.1" 200 1988
[05/Sep/2019 10:07:20] "GET /servicenow/apps/ HTTP/1.1" 200 1988
[05/Sep/2019 10:07:22] "GET /servicenow/apps/ HTTP/1.1" 200 1988
[05/Sep/2019 10:07:30] "GET /servicenow/apps/ HTTP/1.1" 200 1988
[05/Sep/2019 10:07:50] "GET /servicenow/apps/ HTTP/1.1" 200 1988
[05/Sep/2019 10:07:52] "GET /servicenow/apps/ HTTP/1.1" 200 1988
[05/Sep/2019 10:08:00] "GET /servicenow/apps/ HTTP/1.1" 200 1988
[05/Sep/2019 10:08:20] "GET /servicenow/apps/ HTTP/1.1" 200 1988
[05/Sep/2019 10:08:22] "GET /servicenow/apps/ HTTP/1.1" 200 1988
[05/Sep/2019 10:08:30] "GET /servicenow/apps/ HTTP/1.1" 200 1988
[05/Sep/2019 10:08:50] "GET /servicenow/apps/ HTTP/1.1" 200 1988
[05/Sep/2019 10:08:52] "GET /servicenow/apps/ HTTP/1.1" 200 1988
[05/Sep/2019 10:09:00] "GET /servicenow/apps/ HTTP/1.1" 200 1988
[05/Sep/2019 10:09:20] "GET /servicenow/apps/ HTTP/1.1" 200 1988
[05/Sep/2019 10:09:21] "GET /servicenow/incs/ HTTP/1.1" 200 822
[05/Sep/2019 10:09:21] "GET /servicenow/incs/INC03/ HTTP/1.1" 200 174
[05/Sep/2019 10:09:21] "GET /servicenow/apps/ HTTP/1.1" 200 1988
[05/Sep/2019 10:09:22] "GET /servicenow/incs/ HTTP/1.1" 200 822
[05/Sep/2019 10:09:22] "GET /servicenow/apps/ HTTP/1.1" 200 1988
[05/Sep/2019 10:09:22] "GET /servicenow/apps/ HTTP/1.1" 200 1988
[05/Sep/2019 10:09:28] "GET /servicenow/incs/INC01/ HTTP/1.1" 200 172
[05/Sep/2019 10:09:30] "GET /servicenow/apps/ HTTP/1.1" 200 1988
[05/Sep/2019 10:09:50] "GET /servicenow/apps/ HTTP/1.1" 200 1988
[05/Sep/2019 10:09:52] "GET /servicenow/apps/ HTTP/1.1" 200 1988
[05/Sep/2019 10:10:00] "GET /servicenow/apps/ HTTP/1.1" 200 1988
[05/Sep/2019 10:10:20] "GET /servicenow/apps/ HTTP/1.1" 200 1988
[05/Sep/2019 10:10:22] "GET /servicenow/apps/ HTTP/1.1" 200 1988
[05/Sep/2019 10:10:30] "GET /servicenow/apps/ HTTP/1.1" 200 1988
[05/Sep/2019 10:10:50] "GET /servicenow/apps/ HTTP/1.1" 200 1988
[05/Sep/2019 10:10:52] "GET /servicenow/apps/ HTTP/1.1" 200 1988
[05/Sep/2019 10:11:00] "GET /servicenow/apps/ HTTP/1.1" 200 1988
[05/Sep/2019 10:11:20] "GET /servicenow/apps/ HTTP/1.1" 200 1988
[05/Sep/2019 10:11:22] "GET /servicenow/apps/ HTTP/1.1" 200 1988
[05/Sep/2019 10:11:30] "GET /servicenow/apps/ HTTP/1.1" 200 1988
[05/Sep/2019 10:11:50] "GET /servicenow/apps/ HTTP/1.1" 200 1988
[05/Sep/2019 10:11:52] "GET /servicenow/apps/ HTTP/1.1" 200 1988
[05/Sep/2019 10:12:00] "GET /servicenow/apps/ HTTP/1.1" 200 1988
[05/Sep/2019 10:12:20] "GET /servicenow/apps/ HTTP/1.1" 200 1988
[05/Sep/2019 10:12:22] "GET /servicenow/apps/ HTTP/1.1" 200 1988
[05/Sep/2019 10:12:30] "GET /servicenow/apps/ HTTP/1.1" 200 1988
[05/Sep/2019 10:12:50] "GET /servicenow/apps/ HTTP/1.1" 200 1988
[05/Sep/2019 10:12:52] "GET /servicenow/apps/ HTTP/1.1" 200 1988
[05/Sep/2019 10:13:00] "GET /servicenow/apps/ HTTP/1.1" 200 1988
[05/Sep/2019 10:13:20] "GET /servicenow/apps/ HTTP/1.1" 200 1988
[05/Sep/2019 10:13:22] "GET /servicenow/apps/ HTTP/1.1" 200 1988
[05/Sep/2019 10:13:30] "GET /servicenow/apps/ HTTP/1.1" 200 1988
[05/Sep/2019 10:13:50] "GET /servicenow/apps/ HTTP/1.1" 200 1988
[05/Sep/2019 10:13:52] "GET /servicenow/apps/ HTTP/1.1" 200 1988
[05/Sep/2019 10:14:00] "GET /servicenow/apps/ HTTP/1.1" 200 1988
[05/Sep/2019 10:14:20] "GET /servicenow/apps/ HTTP/1.1" 200 1988
[05/Sep/2019 10:14:22] "GET /servicenow/apps/ HTTP/1.1" 200 1988
[05/Sep/2019 10:14:30] "GET /servicenow/apps/ HTTP/1.1" 200 1988
[05/Sep/2019 10:14:50] "GET /servicenow/apps/ HTTP/1.1" 200 1988
[05/Sep/2019 10:14:52] "GET /servicenow/apps/ HTTP/1.1" 200 1988
[05/Sep/2019 10:15:00] "GET /servicenow/apps/ HTTP/1.1" 200 1988
[05/Sep/2019 10:15:20] "GET /servicenow/apps/ HTTP/1.1" 200 1988
[05/Sep/2019 10:15:22] "GET /servicenow/apps/ HTTP/1.1" 200 1988
[05/Sep/2019 10:15:30] "GET /servicenow/apps/ HTTP/1.1" 200 1988
[05/Sep/2019 10:15:32] "GET /servicenow/incs/ HTTP/1.1" 200 822
[05/Sep/2019 10:15:32] "GET /servicenow/apps/ HTTP/1.1" 200 1988
[05/Sep/2019 10:15:37] "GET /servicenow/incs/INC05 HTTP/1.1" 301 0
[05/Sep/2019 10:15:38] "GET /servicenow/incs/INC05/ HTTP/1.1" 200 154
[05/Sep/2019 10:15:39] "GET /servicenow/incs/ HTTP/1.1" 200 822
[05/Sep/2019 10:15:39] "GET /servicenow/apps/ HTTP/1.1" 200 1988
[05/Sep/2019 10:15:41] "GET /servicenow/incs/INC04/ HTTP/1.1" 200 160
[05/Sep/2019 10:15:42] "GET /servicenow/incs/ HTTP/1.1" 200 822
[05/Sep/2019 10:15:42] "GET /servicenow/apps/ HTTP/1.1" 200 1988
[05/Sep/2019 10:15:43] "GET /servicenow/incs/INC01/ HTTP/1.1" 200 172
[05/Sep/2019 10:15:44] "GET /servicenow/incs/ HTTP/1.1" 200 822
[05/Sep/2019 10:15:44] "GET /servicenow/apps/ HTTP/1.1" 200 1988
[05/Sep/2019 10:15:46] "GET /servicenow/incs/INC02/ HTTP/1.1" 200 156
[05/Sep/2019 10:15:50] "GET /servicenow/apps/ HTTP/1.1" 200 1988
[05/Sep/2019 10:15:52] "GET /servicenow/incs/ HTTP/1.1" 200 822
[05/Sep/2019 10:15:52] "GET /servicenow/apps/ HTTP/1.1" 200 1988
[05/Sep/2019 10:15:52] "GET /servicenow/apps/ HTTP/1.1" 200 1988
[05/Sep/2019 10:15:53] "GET /servicenow/incs/INC03/ HTTP/1.1" 200 174
[05/Sep/2019 10:16:00] "GET /servicenow/apps/ HTTP/1.1" 200 1988
[05/Sep/2019 10:16:20] "GET /servicenow/apps/ HTTP/1.1" 200 1988
[05/Sep/2019 10:16:22] "GET /servicenow/apps/ HTTP/1.1" 200 1988
[05/Sep/2019 10:16:30] "GET /servicenow/apps/ HTTP/1.1" 200 1988
[05/Sep/2019 10:16:50] "GET /servicenow/apps/ HTTP/1.1" 200 1988
[05/Sep/2019 10:16:52] "GET /servicenow/apps/ HTTP/1.1" 200 1988
[05/Sep/2019 10:17:00] "GET /servicenow/apps/ HTTP/1.1" 200 1988
[05/Sep/2019 10:17:20] "GET /servicenow/apps/ HTTP/1.1" 200 1988
[05/Sep/2019 10:17:22] "GET /servicenow/apps/ HTTP/1.1" 200 1988
[05/Sep/2019 10:17:30] "GET /servicenow/apps/ HTTP/1.1" 200 1988
[05/Sep/2019 10:17:50] "GET /servicenow/apps/ HTTP/1.1" 200 1988
[05/Sep/2019 10:17:52] "GET /servicenow/apps/ HTTP/1.1" 200 1988
[05/Sep/2019 10:18:00] "GET /servicenow/apps/ HTTP/1.1" 200 1988
[05/Sep/2019 10:18:20] "GET /servicenow/apps/ HTTP/1.1" 200 1988
[05/Sep/2019 10:18:22] "GET /servicenow/apps/ HTTP/1.1" 200 1988
[05/Sep/2019 10:18:30] "GET /servicenow/apps/ HTTP/1.1" 200 1988
[05/Sep/2019 10:18:50] "GET /servicenow/apps/ HTTP/1.1" 200 1988
[05/Sep/2019 10:18:52] "GET /servicenow/apps/ HTTP/1.1" 200 1988
[05/Sep/2019 10:19:00] "GET /servicenow/apps/ HTTP/1.1" 200 1988
[05/Sep/2019 10:19:20] "GET /servicenow/apps/ HTTP/1.1" 200 1988
[05/Sep/2019 10:19:22] "GET /servicenow/apps/ HTTP/1.1" 200 1988
[05/Sep/2019 10:19:30] "GET /servicenow/apps/ HTTP/1.1" 200 1988
[05/Sep/2019 10:19:50] "GET /servicenow/apps/ HTTP/1.1" 200 1988
[05/Sep/2019 10:19:52] "GET /servicenow/apps/ HTTP/1.1" 200 1988
[05/Sep/2019 10:20:00] "GET /servicenow/apps/ HTTP/1.1" 200 1988
[05/Sep/2019 10:20:10] "GET /servicenow/incs/INC03/ HTTP/1.1" 200 174
[05/Sep/2019 10:20:15] "GET /servicenow/incs/ HTTP/1.1" 200 822
[05/Sep/2019 10:20:15] "GET /servicenow/apps/ HTTP/1.1" 200 1988
[05/Sep/2019 10:20:15] "GET /servicenow/incs/INC03/ HTTP/1.1" 200 174
[05/Sep/2019 10:20:17] "GET /servicenow/incs/INC01/ HTTP/1.1" 200 172
[05/Sep/2019 10:20:20] "GET /servicenow/apps/ HTTP/1.1" 200 1988
[05/Sep/2019 10:20:22] "GET /servicenow/apps/ HTTP/1.1" 200 1988
[05/Sep/2019 10:20:30] "GET /servicenow/apps/ HTTP/1.1" 200 1988
[05/Sep/2019 10:20:50] "GET /servicenow/apps/ HTTP/1.1" 200 1988
[05/Sep/2019 10:20:52] "GET /servicenow/apps/ HTTP/1.1" 200 1988
[05/Sep/2019 10:21:00] "GET /servicenow/apps/ HTTP/1.1" 200 1988
[05/Sep/2019 10:21:20] "GET /servicenow/apps/ HTTP/1.1" 200 1988
[05/Sep/2019 10:21:22] "GET /servicenow/apps/ HTTP/1.1" 200 1988
[05/Sep/2019 10:21:30] "GET /servicenow/apps/ HTTP/1.1" 200 1988
[05/Sep/2019 10:21:50] "GET /servicenow/apps/ HTTP/1.1" 200 1988
[05/Sep/2019 10:21:52] "GET /servicenow/apps/ HTTP/1.1" 200 1988
[05/Sep/2019 10:22:00] "GET /servicenow/apps/ HTTP/1.1" 200 1988
[05/Sep/2019 10:22:20] "GET /servicenow/apps/ HTTP/1.1" 200 1988
[05/Sep/2019 10:22:22] "GET /servicenow/apps/ HTTP/1.1" 200 1988
[05/Sep/2019 10:22:30] "GET /servicenow/apps/ HTTP/1.1" 200 1988
[05/Sep/2019 10:22:50] "GET /servicenow/apps/ HTTP/1.1" 200 1988
[05/Sep/2019 10:22:52] "GET /servicenow/apps/ HTTP/1.1" 200 1988
[05/Sep/2019 10:23:00] "GET /servicenow/apps/ HTTP/1.1" 200 1988
[05/Sep/2019 10:23:20] "GET /servicenow/apps/ HTTP/1.1" 200 1988
[05/Sep/2019 10:23:22] "GET /servicenow/apps/ HTTP/1.1" 200 1988
[05/Sep/2019 10:23:30] "GET /servicenow/apps/ HTTP/1.1" 200 1988
[05/Sep/2019 10:23:50] "GET /servicenow/apps/ HTTP/1.1" 200 1988
[05/Sep/2019 10:23:52] "GET /servicenow/apps/ HTTP/1.1" 200 1988
[05/Sep/2019 10:24:00] "GET /servicenow/apps/ HTTP/1.1" 200 1988
[05/Sep/2019 10:24:07] "GET /servicenow/incs/ HTTP/1.1" 200 822
[05/Sep/2019 10:24:07] "GET /servicenow/apps/ HTTP/1.1" 200 1988
[05/Sep/2019 10:24:08] "GET /servicenow/incs/INC01/ HTTP/1.1" 200 172
[05/Sep/2019 10:24:11] "GET /servicenow/incs/ HTTP/1.1" 200 822
[05/Sep/2019 10:24:11] "GET /servicenow/apps/ HTTP/1.1" 200 1988
[05/Sep/2019 10:24:12] "GET /servicenow/incs/INC02/ HTTP/1.1" 200 156
[05/Sep/2019 10:24:13] "GET /servicenow/incs/ HTTP/1.1" 200 822
[05/Sep/2019 10:24:13] "GET /servicenow/apps/ HTTP/1.1" 200 1988
[05/Sep/2019 10:24:15] "GET /servicenow/incs/INC03/ HTTP/1.1" 200 174
[05/Sep/2019 10:24:16] "GET /servicenow/incs/ HTTP/1.1" 200 822
[05/Sep/2019 10:24:16] "GET /servicenow/apps/ HTTP/1.1" 200 1988
[05/Sep/2019 10:24:20] "GET /servicenow/apps/ HTTP/1.1" 200 1988
[05/Sep/2019 10:24:22] "GET /servicenow/apps/ HTTP/1.1" 200 1988
[05/Sep/2019 10:24:29] "GET /servicenow/incs/INC01/ HTTP/1.1" 200 172
[05/Sep/2019 10:24:30] "GET /servicenow/apps/ HTTP/1.1" 200 1988
[05/Sep/2019 10:24:30] "GET /servicenow/incs/ HTTP/1.1" 200 822
[05/Sep/2019 10:24:30] "GET /servicenow/apps/ HTTP/1.1" 200 1988
[05/Sep/2019 10:24:42] "GET /servicenow/incs/INC01/ HTTP/1.1" 200 172
[05/Sep/2019 10:24:50] "GET /servicenow/apps/ HTTP/1.1" 200 1988
[05/Sep/2019 10:24:52] "GET /servicenow/apps/ HTTP/1.1" 200 1988
[05/Sep/2019 10:25:00] "GET /servicenow/apps/ HTTP/1.1" 200 1988
[05/Sep/2019 10:25:04] "GET /servicenow/incs/INC01/ HTTP/1.1" 200 172
[05/Sep/2019 10:25:08] "GET /servicenow/incs/ HTTP/1.1" 200 822
[05/Sep/2019 10:25:08] "GET /servicenow/incs/INC01/ HTTP/1.1" 200 172
[05/Sep/2019 10:25:08] "GET /servicenow/apps/ HTTP/1.1" 200 1988
[05/Sep/2019 10:25:09] "GET /servicenow/incs/INC04/ HTTP/1.1" 200 160
[05/Sep/2019 10:25:20] "GET /servicenow/apps/ HTTP/1.1" 200 1988
[05/Sep/2019 10:25:22] "GET /servicenow/apps/ HTTP/1.1" 200 1988
[05/Sep/2019 10:25:30] "GET /servicenow/apps/ HTTP/1.1" 200 1988
[05/Sep/2019 10:25:32] "GET /servicenow/incs/ HTTP/1.1" 200 822
[05/Sep/2019 10:25:32] "GET /servicenow/apps/ HTTP/1.1" 200 1988
[05/Sep/2019 10:25:33] "GET /servicenow/incs/INC02/ HTTP/1.1" 200 156
[05/Sep/2019 10:25:39] "GET /servicenow/incs/ HTTP/1.1" 200 822
[05/Sep/2019 10:25:39] "GET /servicenow/apps/ HTTP/1.1" 200 1988
[05/Sep/2019 10:25:49] "GET /dashboard/ HTTP/1.1" 200 4068
[05/Sep/2019 10:25:49] "GET /static/dashboard/gridstack.css HTTP/1.1" 304 0
[05/Sep/2019 10:25:50] "GET /static/dashboard/gridstack.js HTTP/1.1" 304 0
[05/Sep/2019 10:25:50] "GET /static/dashboard/gridstack.jQueryUI.js HTTP/1.1" 304 0
[05/Sep/2019 10:25:50] "GET /static/dashboard/dashboard.js HTTP/1.1" 200 6019
[05/Sep/2019 10:25:50] "GET /servicenow/apps/ HTTP/1.1" 200 1988
[05/Sep/2019 10:25:50] "GET /static/dashboard/icon-sprite.png HTTP/1.1" 200 61854
[05/Sep/2019 10:25:52] "GET /servicenow/apps/ HTTP/1.1" 200 1988
[05/Sep/2019 10:26:00] "GET /servicenow/apps/ HTTP/1.1" 200 1988
[05/Sep/2019 10:26:20] "GET /servicenow/apps/ HTTP/1.1" 200 1988
[05/Sep/2019 10:26:22] "GET /servicenow/apps/ HTTP/1.1" 200 1988
[05/Sep/2019 10:26:30] "GET /servicenow/apps/ HTTP/1.1" 200 1988
[05/Sep/2019 10:26:50] "GET /servicenow/apps/ HTTP/1.1" 200 1988
[05/Sep/2019 10:26:52] "GET /servicenow/apps/ HTTP/1.1" 200 1988
[05/Sep/2019 10:27:00] "GET /servicenow/apps/ HTTP/1.1" 200 1988
[05/Sep/2019 10:27:20] "GET /servicenow/apps/ HTTP/1.1" 200 1988
[05/Sep/2019 10:27:22] "GET /servicenow/apps/ HTTP/1.1" 200 1988
[05/Sep/2019 10:27:30] "GET /servicenow/apps/ HTTP/1.1" 200 1988
[05/Sep/2019 10:27:50] "GET /servicenow/apps/ HTTP/1.1" 200 1988
[05/Sep/2019 10:27:52] "GET /servicenow/apps/ HTTP/1.1" 200 1988
[05/Sep/2019 10:28:00] "GET /servicenow/apps/ HTTP/1.1" 200 1988
[05/Sep/2019 10:28:20] "GET /servicenow/apps/ HTTP/1.1" 200 1988
[05/Sep/2019 10:28:22] "GET /servicenow/apps/ HTTP/1.1" 200 1988
[05/Sep/2019 10:28:30] "GET /servicenow/apps/ HTTP/1.1" 200 1988
[05/Sep/2019 10:28:50] "GET /servicenow/apps/ HTTP/1.1" 200 1988
[05/Sep/2019 10:28:52] "GET /servicenow/apps/ HTTP/1.1" 200 1988
[05/Sep/2019 10:29:00] "GET /servicenow/apps/ HTTP/1.1" 200 1988
[05/Sep/2019 10:29:20] "GET /servicenow/apps/ HTTP/1.1" 200 1988
[05/Sep/2019 10:29:22] "GET /servicenow/apps/ HTTP/1.1" 200 1988
[05/Sep/2019 10:29:30] "GET /servicenow/apps/ HTTP/1.1" 200 1988
[05/Sep/2019 10:29:50] "GET /servicenow/apps/ HTTP/1.1" 200 1988
[05/Sep/2019 10:29:52] "GET /servicenow/apps/ HTTP/1.1" 200 1988
[05/Sep/2019 10:30:00] "GET /servicenow/apps/ HTTP/1.1" 200 1988
[05/Sep/2019 10:30:20] "GET /servicenow/apps/ HTTP/1.1" 200 1988
[05/Sep/2019 10:30:22] "GET /servicenow/apps/ HTTP/1.1" 200 1988
[05/Sep/2019 10:30:30] "GET /servicenow/apps/ HTTP/1.1" 200 1988
[05/Sep/2019 10:30:50] "GET /servicenow/apps/ HTTP/1.1" 200 1988
[05/Sep/2019 10:30:52] "GET /servicenow/apps/ HTTP/1.1" 200 1988
[05/Sep/2019 10:31:00] "GET /servicenow/apps/ HTTP/1.1" 200 1988
[05/Sep/2019 10:31:20] "GET /servicenow/apps/ HTTP/1.1" 200 1988
[05/Sep/2019 10:31:22] "GET /servicenow/apps/ HTTP/1.1" 200 1988
[05/Sep/2019 10:31:30] "GET /servicenow/apps/ HTTP/1.1" 200 1988
[05/Sep/2019 10:31:50] "GET /servicenow/apps/ HTTP/1.1" 200 1988
[05/Sep/2019 10:31:52] "GET /servicenow/apps/ HTTP/1.1" 200 1988
[05/Sep/2019 10:32:00] "GET /servicenow/apps/ HTTP/1.1" 200 1988
[05/Sep/2019 10:32:20] "GET /servicenow/apps/ HTTP/1.1" 200 1988
[05/Sep/2019 10:32:22] "GET /servicenow/apps/ HTTP/1.1" 200 1988
[05/Sep/2019 10:32:30] "GET /servicenow/apps/ HTTP/1.1" 200 1988
[05/Sep/2019 10:32:50] "GET /servicenow/apps/ HTTP/1.1" 200 1988
[05/Sep/2019 10:32:52] "GET /servicenow/apps/ HTTP/1.1" 200 1988
[05/Sep/2019 10:33:00] "GET /servicenow/apps/ HTTP/1.1" 200 1988
[05/Sep/2019 10:33:20] "GET /servicenow/apps/ HTTP/1.1" 200 1988
[05/Sep/2019 10:33:22] "GET /servicenow/apps/ HTTP/1.1" 200 1988
[05/Sep/2019 10:33:30] "GET /servicenow/apps/ HTTP/1.1" 200 1988
[05/Sep/2019 10:33:50] "GET /servicenow/apps/ HTTP/1.1" 200 1988
[05/Sep/2019 10:33:52] "GET /servicenow/apps/ HTTP/1.1" 200 1988
[05/Sep/2019 10:34:00] "GET /servicenow/apps/ HTTP/1.1" 200 1988
[05/Sep/2019 10:34:20] "GET /servicenow/apps/ HTTP/1.1" 200 1988
[05/Sep/2019 10:34:22] "GET /servicenow/apps/ HTTP/1.1" 200 1988
[05/Sep/2019 10:34:30] "GET /servicenow/apps/ HTTP/1.1" 200 1988
[05/Sep/2019 10:34:50] "GET /servicenow/apps/ HTTP/1.1" 200 1988
[05/Sep/2019 10:34:52] "GET /servicenow/apps/ HTTP/1.1" 200 1988
[05/Sep/2019 10:35:00] "GET /servicenow/apps/ HTTP/1.1" 200 1988
[05/Sep/2019 10:35:20] "GET /servicenow/apps/ HTTP/1.1" 200 1988
[05/Sep/2019 10:35:22] "GET /servicenow/apps/ HTTP/1.1" 200 1988
[05/Sep/2019 10:35:30] "GET /servicenow/apps/ HTTP/1.1" 200 1988
[05/Sep/2019 10:35:50] "GET /servicenow/apps/ HTTP/1.1" 200 1988
[05/Sep/2019 10:35:52] "GET /servicenow/apps/ HTTP/1.1" 200 1988
[05/Sep/2019 10:36:00] "GET /servicenow/apps/ HTTP/1.1" 200 1988
[05/Sep/2019 10:36:20] "GET /servicenow/apps/ HTTP/1.1" 200 1988
[05/Sep/2019 10:36:22] "GET /servicenow/apps/ HTTP/1.1" 200 1988
[05/Sep/2019 10:36:30] "GET /servicenow/apps/ HTTP/1.1" 200 1988
[05/Sep/2019 10:36:50] "GET /servicenow/apps/ HTTP/1.1" 200 1988
[05/Sep/2019 10:36:52] "GET /servicenow/apps/ HTTP/1.1" 200 1988
[05/Sep/2019 10:37:00] "GET /servicenow/apps/ HTTP/1.1" 200 1988
[05/Sep/2019 10:37:20] "GET /servicenow/apps/ HTTP/1.1" 200 1988
[05/Sep/2019 10:37:22] "GET /servicenow/apps/ HTTP/1.1" 200 1988
[05/Sep/2019 10:37:30] "GET /servicenow/apps/ HTTP/1.1" 200 1988
[05/Sep/2019 10:37:50] "GET /servicenow/apps/ HTTP/1.1" 200 1988
[05/Sep/2019 10:37:52] "GET /servicenow/apps/ HTTP/1.1" 200 1988
[05/Sep/2019 10:38:00] "GET /servicenow/apps/ HTTP/1.1" 200 1988
[05/Sep/2019 10:38:20] "GET /servicenow/apps/ HTTP/1.1" 200 1988
[05/Sep/2019 10:38:22] "GET /servicenow/apps/ HTTP/1.1" 200 1988
[05/Sep/2019 10:38:30] "GET /servicenow/apps/ HTTP/1.1" 200 1988
[05/Sep/2019 10:38:50] "GET /servicenow/apps/ HTTP/1.1" 200 1988
[05/Sep/2019 10:38:52] "GET /servicenow/apps/ HTTP/1.1" 200 1988
[05/Sep/2019 10:39:00] "GET /servicenow/apps/ HTTP/1.1" 200 1988
[05/Sep/2019 10:39:20] "GET /servicenow/apps/ HTTP/1.1" 200 1988
[05/Sep/2019 10:39:22] "GET /servicenow/apps/ HTTP/1.1" 200 1988
[05/Sep/2019 10:39:30] "GET /servicenow/apps/ HTTP/1.1" 200 1988
[05/Sep/2019 10:39:50] "GET /servicenow/apps/ HTTP/1.1" 200 1988
[05/Sep/2019 10:39:52] "GET /servicenow/apps/ HTTP/1.1" 200 1988
[05/Sep/2019 10:40:00] "GET /servicenow/apps/ HTTP/1.1" 200 1988
[05/Sep/2019 10:40:20] "GET /servicenow/apps/ HTTP/1.1" 200 1988
[05/Sep/2019 10:40:22] "GET /servicenow/apps/ HTTP/1.1" 200 1988
[05/Sep/2019 10:40:30] "GET /servicenow/apps/ HTTP/1.1" 200 1988
[05/Sep/2019 10:40:43] "GET /servicenow/apps/ HTTP/1.1" 200 1988
[05/Sep/2019 10:40:50] "GET /servicenow/apps/ HTTP/1.1" 200 1988
[05/Sep/2019 10:40:52] "GET /servicenow/apps/ HTTP/1.1" 200 1988
[05/Sep/2019 10:41:00] "GET /servicenow/apps/ HTTP/1.1" 200 1988
[05/Sep/2019 10:41:13] "GET /servicenow/apps/ HTTP/1.1" 200 1988
[05/Sep/2019 10:41:20] "GET /servicenow/apps/ HTTP/1.1" 200 1988
[05/Sep/2019 10:41:22] "GET /servicenow/apps/ HTTP/1.1" 200 1988
[05/Sep/2019 10:41:30] "GET /servicenow/apps/ HTTP/1.1" 200 1988
[05/Sep/2019 10:41:43] "GET /servicenow/apps/ HTTP/1.1" 200 1988
[05/Sep/2019 10:41:43] "GET /servicenow/incs/ HTTP/1.1" 200 822
[05/Sep/2019 10:41:43] "GET /servicenow/apps/ HTTP/1.1" 200 1988
[05/Sep/2019 10:41:43] "GET /servicenow/incs/ HTTP/1.1" 200 822
[05/Sep/2019 10:41:44] "GET /servicenow/apps/ HTTP/1.1" 200 1988
[05/Sep/2019 10:41:50] "GET /servicenow/apps/ HTTP/1.1" 200 1988
[05/Sep/2019 10:41:52] "GET /servicenow/apps/ HTTP/1.1" 200 1988
[05/Sep/2019 10:42:00] "GET /servicenow/apps/ HTTP/1.1" 200 1988
[05/Sep/2019 10:42:13] "GET /servicenow/apps/ HTTP/1.1" 200 1988
[05/Sep/2019 10:42:20] "GET /servicenow/apps/ HTTP/1.1" 200 1988
[05/Sep/2019 10:42:22] "GET /servicenow/apps/ HTTP/1.1" 200 1988
[05/Sep/2019 10:42:30] "GET /servicenow/apps/ HTTP/1.1" 200 1988
[05/Sep/2019 10:42:43] "GET /servicenow/apps/ HTTP/1.1" 200 1988
[05/Sep/2019 10:42:50] "GET /servicenow/apps/ HTTP/1.1" 200 1988
[05/Sep/2019 10:42:52] "GET /servicenow/apps/ HTTP/1.1" 200 1988
[05/Sep/2019 10:43:00] "GET /servicenow/apps/ HTTP/1.1" 200 1988
[05/Sep/2019 10:43:13] "GET /servicenow/apps/ HTTP/1.1" 200 1988
[05/Sep/2019 10:43:20] "GET /servicenow/apps/ HTTP/1.1" 200 1988
[05/Sep/2019 10:43:22] "GET /servicenow/apps/ HTTP/1.1" 200 1988
[05/Sep/2019 10:43:30] "GET /servicenow/apps/ HTTP/1.1" 200 1988
[05/Sep/2019 10:43:43] "GET /servicenow/apps/ HTTP/1.1" 200 1988
[05/Sep/2019 10:43:50] "GET /servicenow/apps/ HTTP/1.1" 200 1988
[05/Sep/2019 10:43:52] "GET /servicenow/apps/ HTTP/1.1" 200 1988
[05/Sep/2019 10:44:00] "GET /servicenow/apps/ HTTP/1.1" 200 1988
[05/Sep/2019 10:44:13] "GET /servicenow/apps/ HTTP/1.1" 200 1988
[05/Sep/2019 10:44:20] "GET /servicenow/apps/ HTTP/1.1" 200 1988
[05/Sep/2019 10:44:22] "GET /servicenow/apps/ HTTP/1.1" 200 1988
[05/Sep/2019 10:44:30] "GET /servicenow/apps/ HTTP/1.1" 200 1988
[05/Sep/2019 10:44:43] "GET /servicenow/apps/ HTTP/1.1" 200 1988
[05/Sep/2019 10:44:50] "GET /servicenow/apps/ HTTP/1.1" 200 1988
[05/Sep/2019 10:44:52] "GET /servicenow/apps/ HTTP/1.1" 200 1988
[05/Sep/2019 10:45:00] "GET /servicenow/apps/ HTTP/1.1" 200 1988
[05/Sep/2019 10:45:13] "GET /servicenow/apps/ HTTP/1.1" 200 1988
[05/Sep/2019 10:45:20] "GET /servicenow/apps/ HTTP/1.1" 200 1988
[05/Sep/2019 10:45:22] "GET /servicenow/apps/ HTTP/1.1" 200 1988
[05/Sep/2019 10:45:30] "GET /servicenow/apps/ HTTP/1.1" 200 1988
[05/Sep/2019 10:45:43] "GET /servicenow/apps/ HTTP/1.1" 200 1988
[05/Sep/2019 10:45:50] "GET /servicenow/apps/ HTTP/1.1" 200 1988
[05/Sep/2019 10:45:52] "GET /servicenow/apps/ HTTP/1.1" 200 1988
[05/Sep/2019 10:46:00] "GET /servicenow/apps/ HTTP/1.1" 200 1988
[05/Sep/2019 10:46:13] "GET /servicenow/apps/ HTTP/1.1" 200 1988
[05/Sep/2019 10:46:20] "GET /servicenow/apps/ HTTP/1.1" 200 1988
[05/Sep/2019 10:46:22] "GET /servicenow/apps/ HTTP/1.1" 200 1988
[05/Sep/2019 10:46:30] "GET /servicenow/apps/ HTTP/1.1" 200 1988
[05/Sep/2019 10:46:43] "GET /servicenow/apps/ HTTP/1.1" 200 1988
[05/Sep/2019 10:46:50] "GET /servicenow/apps/ HTTP/1.1" 200 1988
[05/Sep/2019 10:46:52] "GET /servicenow/apps/ HTTP/1.1" 200 1988
[05/Sep/2019 10:47:00] "GET /servicenow/apps/ HTTP/1.1" 200 1988
[05/Sep/2019 10:47:13] "GET /servicenow/apps/ HTTP/1.1" 200 1988
[05/Sep/2019 10:47:17] "GET /servicenow/incs/ HTTP/1.1" 200 822
[05/Sep/2019 10:47:17] "GET /servicenow/incs/INC01/ HTTP/1.1" 200 172
[05/Sep/2019 10:47:19] "GET /servicenow/incs/ HTTP/1.1" 200 822
[05/Sep/2019 10:47:19] "GET /servicenow/apps/ HTTP/1.1" 200 1988
[05/Sep/2019 10:47:19] "GET /servicenow/incs/INC01/ HTTP/1.1" 200 172
[05/Sep/2019 10:47:19] "GET /servicenow/incs/ HTTP/1.1" 200 822
[05/Sep/2019 10:47:20] "GET /servicenow/apps/ HTTP/1.1" 200 1988
[05/Sep/2019 10:47:22] "GET /servicenow/apps/ HTTP/1.1" 200 1988
[05/Sep/2019 10:47:30] "GET /servicenow/apps/ HTTP/1.1" 200 1988
[05/Sep/2019 10:47:43] "GET /servicenow/apps/ HTTP/1.1" 200 1988
[05/Sep/2019 10:47:44] "GET /servicenow/incs/ HTTP/1.1" 200 822
[05/Sep/2019 10:47:44] "GET /servicenow/apps/ HTTP/1.1" 200 1988
[05/Sep/2019 10:47:46] "GET /servicenow/incs/ HTTP/1.1" 200 822
[05/Sep/2019 10:47:46] "GET /servicenow/incs/INC04/ HTTP/1.1" 200 160
[05/Sep/2019 10:47:50] "GET /servicenow/apps/ HTTP/1.1" 200 1988
[05/Sep/2019 10:47:52] "GET /servicenow/apps/ HTTP/1.1" 200 1988
[05/Sep/2019 10:48:00] "GET /servicenow/apps/ HTTP/1.1" 200 1988
[05/Sep/2019 10:48:13] "GET /servicenow/apps/ HTTP/1.1" 200 1988
[05/Sep/2019 10:48:20] "GET /servicenow/apps/ HTTP/1.1" 200 1988
[05/Sep/2019 10:48:21] "GET /servicenow/incs/INC04/ HTTP/1.1" 200 160
[05/Sep/2019 10:48:21] "GET /servicenow/incs/ HTTP/1.1" 200 822
[05/Sep/2019 10:48:22] "GET /servicenow/apps/ HTTP/1.1" 200 1988
[05/Sep/2019 10:48:27] "GET /servicenow/incs/ HTTP/1.1" 200 822
[05/Sep/2019 10:48:27] "GET /servicenow/incs/INC04/ HTTP/1.1" 200 160
[05/Sep/2019 10:48:30] "GET /servicenow/apps/ HTTP/1.1" 200 1988
[05/Sep/2019 10:48:43] "GET /servicenow/apps/ HTTP/1.1" 200 1988
[05/Sep/2019 10:48:49] "GET /servicenow/incs/ HTTP/1.1" 200 822
[05/Sep/2019 10:48:49] "GET /servicenow/incs/INC04/ HTTP/1.1" 200 160
[05/Sep/2019 10:48:50] "GET /servicenow/apps/ HTTP/1.1" 200 1988
[05/Sep/2019 10:48:52] "GET /servicenow/apps/ HTTP/1.1" 200 1988
[05/Sep/2019 10:49:00] "GET /servicenow/apps/ HTTP/1.1" 200 1988
[05/Sep/2019 10:49:01] "GET /servicenow/incs/INC04/ HTTP/1.1" 200 160
[05/Sep/2019 10:49:01] "GET /servicenow/incs/ HTTP/1.1" 200 822
[05/Sep/2019 10:49:13] "GET /servicenow/apps/ HTTP/1.1" 200 1988
[05/Sep/2019 10:49:14] "GET /servicenow/incs/ HTTP/1.1" 200 822
[05/Sep/2019 10:49:15] "GET /servicenow/incs/INC04/ HTTP/1.1" 200 160
[05/Sep/2019 10:49:15] "GET /servicenow/apps/ HTTP/1.1" 200 1988
[05/Sep/2019 10:49:15] "GET /servicenow/incs/ HTTP/1.1" 200 822
[05/Sep/2019 10:49:18] "GET /servicenow/incs/ HTTP/1.1" 200 822
[05/Sep/2019 10:49:18] "GET /servicenow/apps/ HTTP/1.1" 200 1988
[05/Sep/2019 10:49:20] "GET /servicenow/apps/ HTTP/1.1" 200 1988
[05/Sep/2019 10:49:20] "GET /servicenow/incs/ HTTP/1.1" 200 822
[05/Sep/2019 10:49:20] "GET /servicenow/incs/INC02/ HTTP/1.1" 200 156
[05/Sep/2019 10:49:22] "GET /servicenow/apps/ HTTP/1.1" 200 1988
[05/Sep/2019 10:49:30] "GET /servicenow/apps/ HTTP/1.1" 200 1988
[05/Sep/2019 10:49:43] "GET /servicenow/apps/ HTTP/1.1" 200 1988
[05/Sep/2019 10:49:50] "GET /servicenow/apps/ HTTP/1.1" 200 1988
[05/Sep/2019 10:49:52] "GET /servicenow/apps/ HTTP/1.1" 200 1988
[05/Sep/2019 10:50:00] "GET /servicenow/apps/ HTTP/1.1" 200 1988
[05/Sep/2019 10:50:13] "GET /servicenow/apps/ HTTP/1.1" 200 1988
[05/Sep/2019 10:50:20] "GET /servicenow/apps/ HTTP/1.1" 200 1988
[05/Sep/2019 10:50:22] "GET /servicenow/apps/ HTTP/1.1" 200 1988
[05/Sep/2019 10:50:30] "GET /servicenow/apps/ HTTP/1.1" 200 1988
[05/Sep/2019 10:50:43] "GET /servicenow/apps/ HTTP/1.1" 200 1988
[05/Sep/2019 10:50:50] "GET /servicenow/apps/ HTTP/1.1" 200 1988
[05/Sep/2019 10:50:52] "GET /servicenow/apps/ HTTP/1.1" 200 1988
[05/Sep/2019 10:51:00] "GET /servicenow/apps/ HTTP/1.1" 200 1988
[05/Sep/2019 10:51:08] "GET /servicenow/incs/ HTTP/1.1" 200 822
[05/Sep/2019 10:51:08] "GET /servicenow/incs/INC02/ HTTP/1.1" 200 156
[05/Sep/2019 10:51:13] "GET /servicenow/apps/ HTTP/1.1" 200 1988
[05/Sep/2019 10:51:14] "GET /servicenow/incs/ HTTP/1.1" 200 822
[05/Sep/2019 10:51:14] "GET /servicenow/incs/INC02/ HTTP/1.1" 200 156
[05/Sep/2019 10:51:14] "GET /servicenow/apps/ HTTP/1.1" 200 1988
[05/Sep/2019 10:51:14] "GET /servicenow/incs/ HTTP/1.1" 200 822
[05/Sep/2019 10:51:18] "GET /servicenow/incs/ HTTP/1.1" 200 822
[05/Sep/2019 10:51:18] "GET /servicenow/apps/ HTTP/1.1" 200 1988
[05/Sep/2019 10:51:20] "GET /servicenow/apps/ HTTP/1.1" 200 1988
[05/Sep/2019 10:51:22] "GET /servicenow/apps/ HTTP/1.1" 200 1988
[05/Sep/2019 10:51:23] "GET /servicenow/incs/ HTTP/1.1" 200 822
[05/Sep/2019 10:51:23] "GET /servicenow/incs/INC01/ HTTP/1.1" 200 172
[05/Sep/2019 10:51:30] "GET /servicenow/apps/ HTTP/1.1" 200 1988
[05/Sep/2019 10:51:43] "GET /servicenow/apps/ HTTP/1.1" 200 1988
[05/Sep/2019 10:51:50] "GET /servicenow/apps/ HTTP/1.1" 200 1988
[05/Sep/2019 10:51:52] "GET /servicenow/apps/ HTTP/1.1" 200 1988
[05/Sep/2019 10:52:00] "GET /servicenow/apps/ HTTP/1.1" 200 1988
[05/Sep/2019 10:52:13] "GET /servicenow/apps/ HTTP/1.1" 200 1988
[05/Sep/2019 10:52:20] "GET /servicenow/apps/ HTTP/1.1" 200 1988
[05/Sep/2019 10:52:22] "GET /servicenow/apps/ HTTP/1.1" 200 1988
[05/Sep/2019 10:52:30] "GET /servicenow/apps/ HTTP/1.1" 200 1988
[05/Sep/2019 10:52:43] "GET /servicenow/apps/ HTTP/1.1" 200 1988
[05/Sep/2019 10:52:50] "GET /servicenow/apps/ HTTP/1.1" 200 1988
[05/Sep/2019 10:52:52] "GET /servicenow/apps/ HTTP/1.1" 200 1988
[05/Sep/2019 10:53:00] "GET /servicenow/apps/ HTTP/1.1" 200 1988
[05/Sep/2019 10:53:13] "GET /servicenow/apps/ HTTP/1.1" 200 1988
[05/Sep/2019 10:53:20] "GET /servicenow/apps/ HTTP/1.1" 200 1988
[05/Sep/2019 10:53:22] "GET /servicenow/apps/ HTTP/1.1" 200 1988
[05/Sep/2019 10:53:30] "GET /servicenow/apps/ HTTP/1.1" 200 1988
[05/Sep/2019 10:53:43] "GET /servicenow/apps/ HTTP/1.1" 200 1988
[05/Sep/2019 10:53:50] "GET /servicenow/apps/ HTTP/1.1" 200 1988
[05/Sep/2019 10:53:52] "GET /servicenow/apps/ HTTP/1.1" 200 1988
[05/Sep/2019 10:54:00] "GET /servicenow/apps/ HTTP/1.1" 200 1988
[05/Sep/2019 10:54:13] "GET /servicenow/apps/ HTTP/1.1" 200 1988
[05/Sep/2019 10:54:20] "GET /servicenow/apps/ HTTP/1.1" 200 1988
[05/Sep/2019 10:54:22] "GET /servicenow/apps/ HTTP/1.1" 200 1988
[05/Sep/2019 10:54:30] "GET /servicenow/apps/ HTTP/1.1" 200 1988
[05/Sep/2019 10:54:43] "GET /servicenow/apps/ HTTP/1.1" 200 1988
[05/Sep/2019 10:54:50] "GET /servicenow/apps/ HTTP/1.1" 200 1988
[05/Sep/2019 10:54:52] "GET /servicenow/apps/ HTTP/1.1" 200 1988
[05/Sep/2019 10:55:00] "GET /servicenow/apps/ HTTP/1.1" 200 1988
[05/Sep/2019 10:55:13] "GET /servicenow/apps/ HTTP/1.1" 200 1988
[05/Sep/2019 10:55:20] "GET /servicenow/apps/ HTTP/1.1" 200 1988
[05/Sep/2019 10:55:22] "GET /servicenow/apps/ HTTP/1.1" 200 1988
[05/Sep/2019 10:55:29] "GET /servicenow/incs/ HTTP/1.1" 200 822
[05/Sep/2019 10:55:29] "GET /servicenow/incs/INC01/ HTTP/1.1" 200 172
[05/Sep/2019 10:55:29] "GET /servicenow/apps/ HTTP/1.1" 200 1988
[05/Sep/2019 10:55:29] "GET /servicenow/incs/ HTTP/1.1" 200 822
[05/Sep/2019 10:55:30] "GET /servicenow/apps/ HTTP/1.1" 200 1988
[05/Sep/2019 10:55:30] "GET /servicenow/incs/ HTTP/1.1" 200 822
[05/Sep/2019 10:55:30] "GET /servicenow/apps/ HTTP/1.1" 200 1988
[05/Sep/2019 10:55:43] "GET /servicenow/apps/ HTTP/1.1" 200 1988
[05/Sep/2019 10:55:50] "GET /servicenow/apps/ HTTP/1.1" 200 1988
[05/Sep/2019 10:55:52] "GET /servicenow/apps/ HTTP/1.1" 200 1988
[05/Sep/2019 10:56:00] "GET /servicenow/apps/ HTTP/1.1" 200 1988
[05/Sep/2019 10:56:13] "GET /servicenow/apps/ HTTP/1.1" 200 1988
[05/Sep/2019 10:56:20] "GET /servicenow/apps/ HTTP/1.1" 200 1988
[05/Sep/2019 10:56:22] "GET /servicenow/apps/ HTTP/1.1" 200 1988
[05/Sep/2019 10:56:30] "GET /servicenow/apps/ HTTP/1.1" 200 1988
[05/Sep/2019 10:56:43] "GET /servicenow/apps/ HTTP/1.1" 200 1988
[05/Sep/2019 10:56:50] "GET /servicenow/apps/ HTTP/1.1" 200 1988
[05/Sep/2019 10:56:52] "GET /servicenow/apps/ HTTP/1.1" 200 1988
[05/Sep/2019 10:57:00] "GET /servicenow/apps/ HTTP/1.1" 200 1988
[05/Sep/2019 10:57:10] "GET /servicenow/incs/ HTTP/1.1" 200 822
[05/Sep/2019 10:57:10] "GET /servicenow/apps/ HTTP/1.1" 200 1988
[05/Sep/2019 10:57:11] "GET /servicenow/incs/ HTTP/1.1" 200 822
[05/Sep/2019 10:57:11] "GET /servicenow/apps/ HTTP/1.1" 200 1988
[05/Sep/2019 10:57:13] "GET /servicenow/apps/ HTTP/1.1" 200 1988
[05/Sep/2019 10:57:20] "GET /servicenow/apps/ HTTP/1.1" 200 1988
[05/Sep/2019 10:57:22] "GET /servicenow/apps/ HTTP/1.1" 200 1988
[05/Sep/2019 10:57:30] "GET /servicenow/apps/ HTTP/1.1" 200 1988
[05/Sep/2019 10:57:43] "GET /servicenow/apps/ HTTP/1.1" 200 1988
[05/Sep/2019 10:57:50] "GET /servicenow/apps/ HTTP/1.1" 200 1988
[05/Sep/2019 10:57:52] "GET /servicenow/apps/ HTTP/1.1" 200 1988
[05/Sep/2019 10:58:00] "GET /servicenow/apps/ HTTP/1.1" 200 1988
[05/Sep/2019 10:58:13] "GET /servicenow/apps/ HTTP/1.1" 200 1988
[05/Sep/2019 10:58:20] "GET /servicenow/apps/ HTTP/1.1" 200 1988
[05/Sep/2019 10:58:22] "GET /servicenow/apps/ HTTP/1.1" 200 1988
[05/Sep/2019 10:58:30] "GET /servicenow/apps/ HTTP/1.1" 200 1988
[05/Sep/2019 10:58:43] "GET /servicenow/apps/ HTTP/1.1" 200 1988
[05/Sep/2019 10:58:50] "GET /servicenow/apps/ HTTP/1.1" 200 1988
[05/Sep/2019 10:58:52] "GET /servicenow/apps/ HTTP/1.1" 200 1988
[05/Sep/2019 10:59:00] "GET /servicenow/apps/ HTTP/1.1" 200 1988
[05/Sep/2019 10:59:13] "GET /servicenow/apps/ HTTP/1.1" 200 1988
[05/Sep/2019 10:59:20] "GET /servicenow/apps/ HTTP/1.1" 200 1988
[05/Sep/2019 10:59:22] "GET /servicenow/apps/ HTTP/1.1" 200 1988
[05/Sep/2019 10:59:30] "GET /servicenow/apps/ HTTP/1.1" 200 1988
[05/Sep/2019 10:59:43] "GET /servicenow/apps/ HTTP/1.1" 200 1988
[05/Sep/2019 10:59:50] "GET /servicenow/apps/ HTTP/1.1" 200 1988
[05/Sep/2019 10:59:52] "GET /servicenow/apps/ HTTP/1.1" 200 1988
[05/Sep/2019 11:00:00] "GET /servicenow/apps/ HTTP/1.1" 200 1988
[05/Sep/2019 11:00:13] "GET /servicenow/apps/ HTTP/1.1" 200 1988
[05/Sep/2019 11:00:20] "GET /servicenow/apps/ HTTP/1.1" 200 1988
[05/Sep/2019 11:00:22] "GET /servicenow/apps/ HTTP/1.1" 200 1988
[05/Sep/2019 11:00:30] "GET /servicenow/apps/ HTTP/1.1" 200 1988
[05/Sep/2019 11:00:43] "GET /servicenow/apps/ HTTP/1.1" 200 1988
[05/Sep/2019 11:00:50] "GET /servicenow/apps/ HTTP/1.1" 200 1988
[05/Sep/2019 11:00:52] "GET /servicenow/apps/ HTTP/1.1" 200 1988
[05/Sep/2019 11:01:00] "GET /servicenow/apps/ HTTP/1.1" 200 1988
[05/Sep/2019 11:01:13] "GET /servicenow/apps/ HTTP/1.1" 200 1988
[05/Sep/2019 11:01:20] "GET /servicenow/apps/ HTTP/1.1" 200 1988
[05/Sep/2019 11:01:22] "GET /servicenow/apps/ HTTP/1.1" 200 1988
[05/Sep/2019 11:01:30] "GET /servicenow/apps/ HTTP/1.1" 200 1988
[05/Sep/2019 11:01:43] "GET /servicenow/apps/ HTTP/1.1" 200 1988
[05/Sep/2019 11:01:50] "GET /servicenow/apps/ HTTP/1.1" 200 1988
[05/Sep/2019 11:01:52] "GET /servicenow/apps/ HTTP/1.1" 200 1988
[05/Sep/2019 11:02:00] "GET /servicenow/apps/ HTTP/1.1" 200 1988
[05/Sep/2019 11:02:13] "GET /servicenow/apps/ HTTP/1.1" 200 1988
[05/Sep/2019 11:02:20] "GET /servicenow/apps/ HTTP/1.1" 200 1988
[05/Sep/2019 11:02:22] "GET /servicenow/apps/ HTTP/1.1" 200 1988
[05/Sep/2019 11:02:30] "GET /servicenow/apps/ HTTP/1.1" 200 1988
[05/Sep/2019 11:02:43] "GET /servicenow/apps/ HTTP/1.1" 200 1988
[05/Sep/2019 11:02:50] "GET /servicenow/apps/ HTTP/1.1" 200 1988
[05/Sep/2019 11:02:52] "GET /servicenow/apps/ HTTP/1.1" 200 1988
[05/Sep/2019 11:03:00] "GET /servicenow/apps/ HTTP/1.1" 200 1988
[05/Sep/2019 11:03:07] "GET /servicenow/incs/ HTTP/1.1" 200 822
[05/Sep/2019 11:03:07] "GET /servicenow/apps/ HTTP/1.1" 200 1988
[05/Sep/2019 11:03:08] "GET /servicenow/incs/ HTTP/1.1" 200 822
[05/Sep/2019 11:03:08] "GET /servicenow/apps/ HTTP/1.1" 200 1988
[05/Sep/2019 11:03:13] "GET /servicenow/apps/ HTTP/1.1" 200 1988
[05/Sep/2019 11:03:20] "GET /servicenow/apps/ HTTP/1.1" 200 1988
[05/Sep/2019 11:03:22] "GET /servicenow/apps/ HTTP/1.1" 200 1988
[05/Sep/2019 11:03:30] "GET /servicenow/apps/ HTTP/1.1" 200 1988
[05/Sep/2019 11:03:43] "GET /servicenow/apps/ HTTP/1.1" 200 1988
[05/Sep/2019 11:03:50] "GET /servicenow/apps/ HTTP/1.1" 200 1988
[05/Sep/2019 11:03:52] "GET /servicenow/apps/ HTTP/1.1" 200 1988
[05/Sep/2019 11:04:00] "GET /servicenow/apps/ HTTP/1.1" 200 1988
[05/Sep/2019 11:04:12] "GET /servicenow/apps/ HTTP/1.1" 200 1988
[05/Sep/2019 11:04:20] "GET /servicenow/apps/ HTTP/1.1" 200 1988
[05/Sep/2019 11:04:22] "GET /servicenow/apps/ HTTP/1.1" 200 1988
[05/Sep/2019 11:04:30] "GET /servicenow/apps/ HTTP/1.1" 200 1988
[05/Sep/2019 11:04:43] "GET /servicenow/apps/ HTTP/1.1" 200 1988
[05/Sep/2019 11:04:50] "GET /servicenow/apps/ HTTP/1.1" 200 1988
[05/Sep/2019 11:04:52] "GET /servicenow/apps/ HTTP/1.1" 200 1988
[05/Sep/2019 11:05:00] "GET /servicenow/apps/ HTTP/1.1" 200 1988
[05/Sep/2019 11:05:13] "GET /servicenow/apps/ HTTP/1.1" 200 1988
[05/Sep/2019 11:05:20] "GET /servicenow/apps/ HTTP/1.1" 200 1988
[05/Sep/2019 11:05:22] "GET /servicenow/apps/ HTTP/1.1" 200 1988
[05/Sep/2019 11:05:30] "GET /servicenow/apps/ HTTP/1.1" 200 1988
[05/Sep/2019 11:05:43] "GET /servicenow/apps/ HTTP/1.1" 200 1988
[05/Sep/2019 11:05:50] "GET /servicenow/apps/ HTTP/1.1" 200 1988
[05/Sep/2019 11:05:52] "GET /servicenow/apps/ HTTP/1.1" 200 1988
[05/Sep/2019 11:06:00] "GET /servicenow/apps/ HTTP/1.1" 200 1988
[05/Sep/2019 11:06:13] "GET /servicenow/apps/ HTTP/1.1" 200 1988
[05/Sep/2019 11:06:20] "GET /servicenow/apps/ HTTP/1.1" 200 1988
[05/Sep/2019 11:06:22] "GET /servicenow/apps/ HTTP/1.1" 200 1988
[05/Sep/2019 11:06:30] "GET /servicenow/apps/ HTTP/1.1" 200 1988
[05/Sep/2019 11:06:43] "GET /servicenow/apps/ HTTP/1.1" 200 1988
[05/Sep/2019 11:06:50] "GET /servicenow/apps/ HTTP/1.1" 200 1988
[05/Sep/2019 11:06:52] "GET /servicenow/apps/ HTTP/1.1" 200 1988
[05/Sep/2019 11:07:00] "GET /servicenow/apps/ HTTP/1.1" 200 1988
[05/Sep/2019 11:07:13] "GET /servicenow/apps/ HTTP/1.1" 200 1988
[05/Sep/2019 11:07:20] "GET /servicenow/apps/ HTTP/1.1" 200 1988
[05/Sep/2019 11:07:22] "GET /servicenow/apps/ HTTP/1.1" 200 1988
[05/Sep/2019 11:07:30] "GET /servicenow/apps/ HTTP/1.1" 200 1988
[05/Sep/2019 11:07:43] "GET /servicenow/apps/ HTTP/1.1" 200 1988
[05/Sep/2019 11:07:50] "GET /servicenow/apps/ HTTP/1.1" 200 1988
[05/Sep/2019 11:07:52] "GET /servicenow/apps/ HTTP/1.1" 200 1988
[05/Sep/2019 11:08:00] "GET /servicenow/apps/ HTTP/1.1" 200 1988
[05/Sep/2019 11:08:13] "GET /servicenow/apps/ HTTP/1.1" 200 1988
[05/Sep/2019 11:08:20] "GET /servicenow/apps/ HTTP/1.1" 200 1988
[05/Sep/2019 11:08:22] "GET /servicenow/apps/ HTTP/1.1" 200 1988
[05/Sep/2019 11:08:30] "GET /servicenow/apps/ HTTP/1.1" 200 1988
[05/Sep/2019 11:08:43] "GET /servicenow/apps/ HTTP/1.1" 200 1988
[05/Sep/2019 11:08:50] "GET /servicenow/apps/ HTTP/1.1" 200 1988
[05/Sep/2019 11:08:52] "GET /servicenow/apps/ HTTP/1.1" 200 1988
[05/Sep/2019 11:09:00] "GET /servicenow/apps/ HTTP/1.1" 200 1988
[05/Sep/2019 11:09:13] "GET /servicenow/apps/ HTTP/1.1" 200 1988
[05/Sep/2019 11:09:20] "GET /servicenow/apps/ HTTP/1.1" 200 1988
[05/Sep/2019 11:09:22] "GET /servicenow/apps/ HTTP/1.1" 200 1988
[05/Sep/2019 11:09:30] "GET /servicenow/apps/ HTTP/1.1" 200 1988
[05/Sep/2019 11:09:43] "GET /servicenow/apps/ HTTP/1.1" 200 1988
[05/Sep/2019 11:09:50] "GET /servicenow/apps/ HTTP/1.1" 200 1988
[05/Sep/2019 11:09:52] "GET /servicenow/apps/ HTTP/1.1" 200 1988
[05/Sep/2019 11:10:00] "GET /servicenow/apps/ HTTP/1.1" 200 1988
[05/Sep/2019 11:10:13] "GET /servicenow/apps/ HTTP/1.1" 200 1988
[05/Sep/2019 11:10:20] "GET /servicenow/apps/ HTTP/1.1" 200 1988
[05/Sep/2019 11:10:22] "GET /servicenow/apps/ HTTP/1.1" 200 1988
[05/Sep/2019 11:10:30] "GET /servicenow/apps/ HTTP/1.1" 200 1988
[05/Sep/2019 11:10:43] "GET /servicenow/apps/ HTTP/1.1" 200 1988
[05/Sep/2019 11:10:50] "GET /servicenow/apps/ HTTP/1.1" 200 1988
[05/Sep/2019 11:10:52] "GET /servicenow/apps/ HTTP/1.1" 200 1988
[05/Sep/2019 11:11:00] "GET /servicenow/apps/ HTTP/1.1" 200 1988
[05/Sep/2019 11:11:13] "GET /servicenow/apps/ HTTP/1.1" 200 1988
[05/Sep/2019 11:11:20] "GET /servicenow/apps/ HTTP/1.1" 200 1988
[05/Sep/2019 11:11:22] "GET /servicenow/apps/ HTTP/1.1" 200 1988
[05/Sep/2019 11:11:30] "GET /servicenow/apps/ HTTP/1.1" 200 1988
[05/Sep/2019 11:11:43] "GET /servicenow/apps/ HTTP/1.1" 200 1988
[05/Sep/2019 11:11:50] "GET /servicenow/apps/ HTTP/1.1" 200 1988
[05/Sep/2019 11:11:52] "GET /servicenow/apps/ HTTP/1.1" 200 1988
[05/Sep/2019 11:12:00] "GET /servicenow/apps/ HTTP/1.1" 200 1988
[05/Sep/2019 11:12:13] "GET /servicenow/apps/ HTTP/1.1" 200 1988
[05/Sep/2019 11:12:20] "GET /servicenow/apps/ HTTP/1.1" 200 1988
[05/Sep/2019 11:12:22] "GET /servicenow/apps/ HTTP/1.1" 200 1988
[05/Sep/2019 11:12:30] "GET /servicenow/apps/ HTTP/1.1" 200 1988
[05/Sep/2019 11:12:43] "GET /servicenow/apps/ HTTP/1.1" 200 1988
[05/Sep/2019 11:12:50] "GET /servicenow/apps/ HTTP/1.1" 200 1988
[05/Sep/2019 11:12:52] "GET /servicenow/apps/ HTTP/1.1" 200 1988
[05/Sep/2019 11:13:00] "GET /servicenow/apps/ HTTP/1.1" 200 1988
[05/Sep/2019 11:13:12] "GET /servicenow/apps/ HTTP/1.1" 200 1988
[05/Sep/2019 11:13:20] "GET /servicenow/apps/ HTTP/1.1" 200 1988
[05/Sep/2019 11:13:22] "GET /servicenow/apps/ HTTP/1.1" 200 1988
[05/Sep/2019 11:13:30] "GET /servicenow/apps/ HTTP/1.1" 200 1988
[05/Sep/2019 11:13:43] "GET /servicenow/apps/ HTTP/1.1" 200 1988
[05/Sep/2019 11:13:50] "GET /servicenow/apps/ HTTP/1.1" 200 1988
[05/Sep/2019 11:13:52] "GET /servicenow/apps/ HTTP/1.1" 200 1988
[05/Sep/2019 11:14:00] "GET /servicenow/apps/ HTTP/1.1" 200 1988
[05/Sep/2019 11:14:13] "GET /servicenow/apps/ HTTP/1.1" 200 1988
[05/Sep/2019 11:14:20] "GET /servicenow/apps/ HTTP/1.1" 200 1988
[05/Sep/2019 11:14:22] "GET /servicenow/apps/ HTTP/1.1" 200 1988
[05/Sep/2019 11:14:30] "GET /servicenow/apps/ HTTP/1.1" 200 1988
[05/Sep/2019 11:14:43] "GET /servicenow/apps/ HTTP/1.1" 200 1988
[05/Sep/2019 11:14:50] "GET /servicenow/apps/ HTTP/1.1" 200 1988
[05/Sep/2019 11:14:52] "GET /servicenow/apps/ HTTP/1.1" 200 1988
[05/Sep/2019 11:15:00] "GET /servicenow/apps/ HTTP/1.1" 200 1988
[05/Sep/2019 11:15:13] "GET /servicenow/apps/ HTTP/1.1" 200 1988
[05/Sep/2019 11:15:20] "GET /servicenow/apps/ HTTP/1.1" 200 1988
[05/Sep/2019 11:15:22] "GET /servicenow/apps/ HTTP/1.1" 200 1988
[05/Sep/2019 11:15:30] "GET /servicenow/apps/ HTTP/1.1" 200 1988
[05/Sep/2019 11:15:43] "GET /servicenow/apps/ HTTP/1.1" 200 1988
[05/Sep/2019 11:15:50] "GET /servicenow/apps/ HTTP/1.1" 200 1988
[05/Sep/2019 11:15:52] "GET /servicenow/apps/ HTTP/1.1" 200 1988
[05/Sep/2019 11:16:00] "GET /servicenow/apps/ HTTP/1.1" 200 1988
[05/Sep/2019 11:16:13] "GET /servicenow/apps/ HTTP/1.1" 200 1988
[05/Sep/2019 11:16:20] "GET /servicenow/apps/ HTTP/1.1" 200 1988
[05/Sep/2019 11:16:22] "GET /servicenow/apps/ HTTP/1.1" 200 1988
[05/Sep/2019 11:16:30] "GET /servicenow/apps/ HTTP/1.1" 200 1988
[05/Sep/2019 11:16:43] "GET /servicenow/apps/ HTTP/1.1" 200 1988
[05/Sep/2019 11:16:50] "GET /servicenow/apps/ HTTP/1.1" 200 1988
[05/Sep/2019 11:16:52] "GET /servicenow/apps/ HTTP/1.1" 200 1988
[05/Sep/2019 11:17:00] "GET /servicenow/apps/ HTTP/1.1" 200 1988
[05/Sep/2019 11:17:13] "GET /servicenow/apps/ HTTP/1.1" 200 1988
[05/Sep/2019 11:17:20] "GET /servicenow/apps/ HTTP/1.1" 200 1988
[05/Sep/2019 11:17:22] "GET /servicenow/apps/ HTTP/1.1" 200 1988
[05/Sep/2019 11:17:30] "GET /servicenow/apps/ HTTP/1.1" 200 1988
[05/Sep/2019 11:17:43] "GET /servicenow/apps/ HTTP/1.1" 200 1988
[05/Sep/2019 11:17:50] "GET /servicenow/apps/ HTTP/1.1" 200 1988
[05/Sep/2019 11:17:52] "GET /servicenow/apps/ HTTP/1.1" 200 1988
[05/Sep/2019 11:17:56] "GET /dashboard/ HTTP/1.1" 200 4068
[05/Sep/2019 11:17:56] "GET /static/dashboard/gridstack.css HTTP/1.1" 304 0
[05/Sep/2019 11:17:56] "GET /static/dashboard/gridstack.js HTTP/1.1" 304 0
[05/Sep/2019 11:17:56] "GET /static/dashboard/gridstack.jQueryUI.js HTTP/1.1" 304 0
[05/Sep/2019 11:17:56] "GET /static/dashboard/dashboard.js HTTP/1.1" 200 6019
[05/Sep/2019 11:17:56] "GET /static/dashboard/icon-sprite.png HTTP/1.1" 200 61854
[05/Sep/2019 11:17:56] "GET /servicenow/apps/ HTTP/1.1" 200 1988
[05/Sep/2019 11:18:00] "GET /servicenow/apps/ HTTP/1.1" 200 1988
[05/Sep/2019 11:18:19] "GET /servicenow/incs/ HTTP/1.1" 200 822
[05/Sep/2019 11:18:19] "GET /servicenow/apps/ HTTP/1.1" 200 1988
[05/Sep/2019 11:18:20] "GET /servicenow/apps/ HTTP/1.1" 200 1988
[05/Sep/2019 11:18:22] "GET /servicenow/apps/ HTTP/1.1" 200 1988
[05/Sep/2019 11:18:28] "GET /servicenow/incs/ HTTP/1.1" 200 822
[05/Sep/2019 11:18:28] "GET /servicenow/incs/INC04/ HTTP/1.1" 200 160
[05/Sep/2019 11:18:30] "GET /servicenow/apps/ HTTP/1.1" 200 1988
[05/Sep/2019 11:18:50] "GET /servicenow/apps/ HTTP/1.1" 200 1988
[05/Sep/2019 11:18:52] "GET /servicenow/apps/ HTTP/1.1" 200 1988
[05/Sep/2019 11:19:00] "GET /servicenow/apps/ HTTP/1.1" 200 1988
[05/Sep/2019 11:19:20] "GET /servicenow/apps/ HTTP/1.1" 200 1988
[05/Sep/2019 11:19:22] "GET /servicenow/apps/ HTTP/1.1" 200 1988
[05/Sep/2019 11:19:30] "GET /servicenow/apps/ HTTP/1.1" 200 1988
[05/Sep/2019 11:19:44] "GET /servicenow/incs/ HTTP/1.1" 200 822
[05/Sep/2019 11:19:44] "GET /servicenow/apps/ HTTP/1.1" 200 1988
[05/Sep/2019 11:19:50] "GET /servicenow/apps/ HTTP/1.1" 200 1988
[05/Sep/2019 11:19:52] "GET /servicenow/apps/ HTTP/1.1" 200 1988
[05/Sep/2019 11:20:00] "GET /servicenow/apps/ HTTP/1.1" 200 1988
[05/Sep/2019 11:20:20] "GET /servicenow/apps/ HTTP/1.1" 200 1988
[05/Sep/2019 11:20:22] "GET /servicenow/apps/ HTTP/1.1" 200 1988
[05/Sep/2019 11:20:30] "GET /servicenow/apps/ HTTP/1.1" 200 1988
[05/Sep/2019 11:20:50] "GET /servicenow/apps/ HTTP/1.1" 200 1988
[05/Sep/2019 11:20:52] "GET /servicenow/apps/ HTTP/1.1" 200 1988
[05/Sep/2019 11:21:00] "GET /servicenow/apps/ HTTP/1.1" 200 1988
[05/Sep/2019 11:21:12] "GET /dashboard/ HTTP/1.1" 200 4068
[05/Sep/2019 11:21:12] "GET /static/dashboard/gridstack.css HTTP/1.1" 304 0
[05/Sep/2019 11:21:12] "GET /static/dashboard/gridstack.js HTTP/1.1" 304 0
[05/Sep/2019 11:21:12] "GET /static/dashboard/gridstack.jQueryUI.js HTTP/1.1" 304 0
[05/Sep/2019 11:21:12] "GET /static/dashboard/dashboard.js HTTP/1.1" 304 0
[05/Sep/2019 11:21:12] "GET /static/dashboard/icon-sprite.png HTTP/1.1" 304 0
[05/Sep/2019 11:21:12] "GET /servicenow/apps/ HTTP/1.1" 200 1988
[05/Sep/2019 11:21:22] "GET /servicenow/apps/ HTTP/1.1" 200 1988
[05/Sep/2019 11:21:30] "GET /servicenow/apps/ HTTP/1.1" 200 1988
[05/Sep/2019 11:21:36] "GET /servicenow/incs/INC04 HTTP/1.1" 301 0
[05/Sep/2019 11:21:36] "GET /servicenow/incs/ HTTP/1.1" 200 822
[05/Sep/2019 11:21:36] "GET /servicenow/incs/INC04/ HTTP/1.1" 200 160
[05/Sep/2019 11:21:42] "GET /servicenow/apps/ HTTP/1.1" 200 1988
[05/Sep/2019 11:21:52] "GET /servicenow/apps/ HTTP/1.1" 200 1988
[05/Sep/2019 11:22:00] "GET /servicenow/apps/ HTTP/1.1" 200 1988
----------------------------------------
Exception happened during processing of request from ('58.32.190.12', 6273)
Traceback (most recent call last):
  File "/home/ec2-user/miniconda3/lib/python3.7/socketserver.py", line 650, in process_request_thread
    self.finish_request(request, client_address)
  File "/home/ec2-user/miniconda3/lib/python3.7/socketserver.py", line 360, in finish_request
    self.RequestHandlerClass(request, client_address, self)
  File "/home/ec2-user/miniconda3/lib/python3.7/socketserver.py", line 720, in __init__
    self.handle()
  File "/home/ec2-user/miniconda3/lib/python3.7/site-packages/django/core/servers/basehttp.py", line 171, in handle
    self.handle_one_request()
  File "/home/ec2-user/miniconda3/lib/python3.7/site-packages/django/core/servers/basehttp.py", line 179, in handle_one_request
    self.raw_requestline = self.rfile.readline(65537)
  File "/home/ec2-user/miniconda3/lib/python3.7/socket.py", line 589, in readinto
    return self._sock.recv_into(b)
ConnectionResetError: [Errno 104] Connection reset by peer
----------------------------------------
----------------------------------------
Exception happened during processing of request from ('58.32.190.12', 6081)
----------------------------------------
Exception happened during processing of request from ('58.32.190.12', 6305)
Traceback (most recent call last):
  File "/home/ec2-user/miniconda3/lib/python3.7/socketserver.py", line 650, in process_request_thread
    self.finish_request(request, client_address)
  File "/home/ec2-user/miniconda3/lib/python3.7/socketserver.py", line 360, in finish_request
    self.RequestHandlerClass(request, client_address, self)
  File "/home/ec2-user/miniconda3/lib/python3.7/socketserver.py", line 720, in __init__
    self.handle()
  File "/home/ec2-user/miniconda3/lib/python3.7/site-packages/django/core/servers/basehttp.py", line 171, in handle
    self.handle_one_request()
  File "/home/ec2-user/miniconda3/lib/python3.7/site-packages/django/core/servers/basehttp.py", line 179, in handle_one_request
    self.raw_requestline = self.rfile.readline(65537)
  File "/home/ec2-user/miniconda3/lib/python3.7/socket.py", line 589, in readinto
    return self._sock.recv_into(b)
ConnectionResetError: [Errno 104] Connection reset by peer
----------------------------------------
Traceback (most recent call last):
  File "/home/ec2-user/miniconda3/lib/python3.7/socketserver.py", line 650, in process_request_thread
    self.finish_request(request, client_address)
  File "/home/ec2-user/miniconda3/lib/python3.7/socketserver.py", line 360, in finish_request
    self.RequestHandlerClass(request, client_address, self)
  File "/home/ec2-user/miniconda3/lib/python3.7/socketserver.py", line 720, in __init__
    self.handle()
  File "/home/ec2-user/miniconda3/lib/python3.7/site-packages/django/core/servers/basehttp.py", line 171, in handle
    self.handle_one_request()
  File "/home/ec2-user/miniconda3/lib/python3.7/site-packages/django/core/servers/basehttp.py", line 179, in handle_one_request
    self.raw_requestline = self.rfile.readline(65537)
  File "/home/ec2-user/miniconda3/lib/python3.7/socket.py", line 589, in readinto
    return self._sock.recv_into(b)
ConnectionResetError: [Errno 104] Connection reset by peer
----------------------------------------
----------------------------------------
Exception happened during processing of request from ('58.32.190.12', 9185)
Traceback (most recent call last):
  File "/home/ec2-user/miniconda3/lib/python3.7/socketserver.py", line 650, in process_request_thread
    self.finish_request(request, client_address)
  File "/home/ec2-user/miniconda3/lib/python3.7/socketserver.py", line 360, in finish_request
    self.RequestHandlerClass(request, client_address, self)
  File "/home/ec2-user/miniconda3/lib/python3.7/socketserver.py", line 720, in __init__
    self.handle()
  File "/home/ec2-user/miniconda3/lib/python3.7/site-packages/django/core/servers/basehttp.py", line 171, in handle
    self.handle_one_request()
  File "/home/ec2-user/miniconda3/lib/python3.7/site-packages/django/core/servers/basehttp.py", line 179, in handle_one_request
    self.raw_requestline = self.rfile.readline(65537)
  File "/home/ec2-user/miniconda3/lib/python3.7/socket.py", line 589, in readinto
    return self._sock.recv_into(b)
ConnectionResetError: [Errno 104] Connection reset by peer
----------------------------------------
[05/Sep/2019 11:22:22] "GET /servicenow/apps/ HTTP/1.1" 200 1988
[05/Sep/2019 11:22:30] "GET /servicenow/apps/ HTTP/1.1" 200 1988
[05/Sep/2019 11:22:52] "GET /servicenow/apps/ HTTP/1.1" 200 1988
[05/Sep/2019 11:23:00] "GET /servicenow/apps/ HTTP/1.1" 200 1988
[05/Sep/2019 11:23:22] "GET /servicenow/apps/ HTTP/1.1" 200 1988
[05/Sep/2019 11:23:24] code 400, message Bad request version ('HTTP')
[05/Sep/2019 11:23:24] "GET ../../mnt/custom/ProductDefinition HTTP" 400 -
[05/Sep/2019 11:23:30] "GET /servicenow/apps/ HTTP/1.1" 200 1988
[05/Sep/2019 11:23:38] "GET /servicenow/incs/ HTTP/1.1" 200 822
[05/Sep/2019 11:23:38] "GET /servicenow/apps/ HTTP/1.1" 200 1988
[05/Sep/2019 11:23:47] "GET /servicenow/incs/ HTTP/1.1" 200 822
[05/Sep/2019 11:23:47] "GET /servicenow/apps/ HTTP/1.1" 200 1988
[05/Sep/2019 11:23:52] "GET /servicenow/apps/ HTTP/1.1" 200 1988
[05/Sep/2019 11:23:53] "GET /servicenow/incs/ HTTP/1.1" 200 822
[05/Sep/2019 11:23:53] "GET /servicenow/apps/ HTTP/1.1" 200 1988
[05/Sep/2019 11:23:55] "GET /servicenow/incs/INC01 HTTP/1.1" 301 0
[05/Sep/2019 11:23:55] "GET /servicenow/incs/ HTTP/1.1" 200 822
[05/Sep/2019 11:23:55] "GET /servicenow/incs/INC01/ HTTP/1.1" 200 172
[05/Sep/2019 11:24:00] "GET /servicenow/apps/ HTTP/1.1" 200 1988
[05/Sep/2019 11:24:22] "GET /servicenow/apps/ HTTP/1.1" 200 1988
[05/Sep/2019 11:24:30] "GET /servicenow/apps/ HTTP/1.1" 200 1988
[05/Sep/2019 11:24:34] "GET /servicenow/incs/ HTTP/1.1" 200 822
[05/Sep/2019 11:24:34] "GET /servicenow/incs/INC01/ HTTP/1.1" 200 172
[05/Sep/2019 11:24:43] "GET /servicenow/incs/ HTTP/1.1" 200 822
[05/Sep/2019 11:24:43] "GET /servicenow/apps/ HTTP/1.1" 200 1988
[05/Sep/2019 11:24:51] "GET /servicenow/incs/ HTTP/1.1" 200 822
[05/Sep/2019 11:24:51] "GET /servicenow/apps/ HTTP/1.1" 200 1988
[05/Sep/2019 11:24:52] "GET /servicenow/apps/ HTTP/1.1" 200 1988
[05/Sep/2019 11:24:56] "GET /servicenow/incs/ HTTP/1.1" 200 822
[05/Sep/2019 11:24:56] "GET /servicenow/apps/ HTTP/1.1" 200 1988
[05/Sep/2019 11:24:58] "GET /servicenow/incs/INC01 HTTP/1.1" 301 0
[05/Sep/2019 11:24:58] "GET /servicenow/incs/ HTTP/1.1" 200 822
[05/Sep/2019 11:24:58] "GET /servicenow/incs/INC01/ HTTP/1.1" 200 172
[05/Sep/2019 11:25:00] "GET /servicenow/apps/ HTTP/1.1" 200 1988
[05/Sep/2019 11:25:22] "GET /servicenow/apps/ HTTP/1.1" 200 1988
[05/Sep/2019 11:25:30] "GET /servicenow/apps/ HTTP/1.1" 200 1988
[05/Sep/2019 11:25:31] "GET /servicenow/incs/INC01 HTTP/1.1" 301 0
[05/Sep/2019 11:25:31] "GET /servicenow/incs/ HTTP/1.1" 200 822
[05/Sep/2019 11:25:31] "GET /servicenow/incs/INC01/ HTTP/1.1" 200 172
[05/Sep/2019 11:25:36] "GET /servicenow/incs/ HTTP/1.1" 200 822
[05/Sep/2019 11:25:36] "GET /servicenow/apps/ HTTP/1.1" 200 1988
[05/Sep/2019 11:25:50] "GET /servicenow/incs/ HTTP/1.1" 200 822
[05/Sep/2019 11:25:50] "GET /servicenow/incs/INC04 HTTP/1.1" 301 0
[05/Sep/2019 11:25:50] "GET /servicenow/incs/INC04/ HTTP/1.1" 200 160
[05/Sep/2019 11:25:52] "GET /servicenow/apps/ HTTP/1.1" 200 1988
[05/Sep/2019 11:26:00] "GET /servicenow/apps/ HTTP/1.1" 200 1988
[05/Sep/2019 11:26:22] "GET /servicenow/apps/ HTTP/1.1" 200 1988
[05/Sep/2019 11:26:30] "GET /servicenow/apps/ HTTP/1.1" 200 1988
[05/Sep/2019 11:26:52] "GET /servicenow/apps/ HTTP/1.1" 200 1988
[05/Sep/2019 11:27:00] "GET /servicenow/apps/ HTTP/1.1" 200 1988
[05/Sep/2019 11:27:22] "GET /servicenow/apps/ HTTP/1.1" 200 1988
[05/Sep/2019 11:27:30] "GET /servicenow/apps/ HTTP/1.1" 200 1988
[05/Sep/2019 11:27:52] "GET /servicenow/apps/ HTTP/1.1" 200 1988
[05/Sep/2019 11:28:00] "GET /servicenow/apps/ HTTP/1.1" 200 1988
[05/Sep/2019 11:28:22] "GET /servicenow/apps/ HTTP/1.1" 200 1988
[05/Sep/2019 11:28:30] "GET /servicenow/apps/ HTTP/1.1" 200 1988
[05/Sep/2019 11:28:52] "GET /servicenow/apps/ HTTP/1.1" 200 1988
[05/Sep/2019 11:29:00] "GET /servicenow/apps/ HTTP/1.1" 200 1988
[05/Sep/2019 11:29:22] "GET /servicenow/apps/ HTTP/1.1" 200 1988
[05/Sep/2019 11:29:30] "GET /servicenow/apps/ HTTP/1.1" 200 1988
[05/Sep/2019 11:29:52] "GET /servicenow/apps/ HTTP/1.1" 200 1988
[05/Sep/2019 11:30:00] "GET /servicenow/apps/ HTTP/1.1" 200 1988
[05/Sep/2019 11:30:22] "GET /servicenow/apps/ HTTP/1.1" 200 1988
[05/Sep/2019 11:30:30] "GET /servicenow/apps/ HTTP/1.1" 200 1988
[05/Sep/2019 11:30:52] "GET /servicenow/apps/ HTTP/1.1" 200 1988
[05/Sep/2019 11:31:00] "GET /servicenow/apps/ HTTP/1.1" 200 1988
[05/Sep/2019 11:31:22] "GET /servicenow/apps/ HTTP/1.1" 200 1988
[05/Sep/2019 11:31:30] "GET /servicenow/apps/ HTTP/1.1" 200 1988
[05/Sep/2019 11:31:52] "GET /servicenow/apps/ HTTP/1.1" 200 1988
[05/Sep/2019 11:32:00] "GET /servicenow/apps/ HTTP/1.1" 200 1988
[05/Sep/2019 11:32:22] "GET /servicenow/apps/ HTTP/1.1" 200 1988
[05/Sep/2019 11:32:24] "GET /servicenow/incs/ HTTP/1.1" 200 822
[05/Sep/2019 11:32:24] "GET /servicenow/incs/INC04/ HTTP/1.1" 200 160
[05/Sep/2019 11:32:30] "GET /servicenow/apps/ HTTP/1.1" 200 1988
[05/Sep/2019 11:32:34] "GET /servicenow/incs/ HTTP/1.1" 200 822
[05/Sep/2019 11:32:34] "GET /servicenow/apps/ HTTP/1.1" 200 1988
[05/Sep/2019 11:32:47] "GET /servicenow/incs/ HTTP/1.1" 200 822
[05/Sep/2019 11:32:47] "GET /servicenow/incs/INC04/ HTTP/1.1" 200 160
[05/Sep/2019 11:32:50] "GET /servicenow/incs/ HTTP/1.1" 200 822
[05/Sep/2019 11:32:50] "GET /servicenow/apps/ HTTP/1.1" 200 1988
[05/Sep/2019 11:32:52] "GET /servicenow/apps/ HTTP/1.1" 200 1988
[05/Sep/2019 11:33:00] "GET /servicenow/apps/ HTTP/1.1" 200 1988
[05/Sep/2019 11:33:06] "GET /servicenow/incs/ HTTP/1.1" 200 822
[05/Sep/2019 11:33:06] "GET /servicenow/incs/INC01/ HTTP/1.1" 200 172
[05/Sep/2019 11:33:21] "GET /servicenow/incs/ HTTP/1.1" 200 822
[05/Sep/2019 11:33:21] "GET /servicenow/apps/ HTTP/1.1" 200 1988
[05/Sep/2019 11:33:22] "GET /servicenow/apps/ HTTP/1.1" 200 1988
[05/Sep/2019 11:33:23] "GET /servicenow/incs/ HTTP/1.1" 200 822
[05/Sep/2019 11:33:23] "GET /servicenow/incs/INC02 HTTP/1.1" 301 0
[05/Sep/2019 11:33:23] "GET /servicenow/incs/INC02/ HTTP/1.1" 200 156
[05/Sep/2019 11:33:30] "GET /servicenow/apps/ HTTP/1.1" 200 1988
[05/Sep/2019 11:33:34] "GET /servicenow/incs/ HTTP/1.1" 200 822
[05/Sep/2019 11:33:34] "GET /servicenow/apps/ HTTP/1.1" 200 1988
[05/Sep/2019 11:33:50] "GET /servicenow/apps/ HTTP/1.1" 200 1988
[05/Sep/2019 11:33:52] "GET /servicenow/apps/ HTTP/1.1" 200 1988
[05/Sep/2019 11:34:00] "GET /servicenow/apps/ HTTP/1.1" 200 1988
[05/Sep/2019 11:34:00] "GET /servicenow/incs/INC03 HTTP/1.1" 301 0
[05/Sep/2019 11:34:00] "GET /servicenow/incs/ HTTP/1.1" 200 822
[05/Sep/2019 11:34:00] "GET /servicenow/incs/INC03/ HTTP/1.1" 200 174
[05/Sep/2019 11:34:02] "GET /servicenow/incs/ HTTP/1.1" 200 822
[05/Sep/2019 11:34:02] "GET /servicenow/apps/ HTTP/1.1" 200 1988
[05/Sep/2019 11:34:06] "GET /servicenow/incs/ HTTP/1.1" 200 822
[05/Sep/2019 11:34:06] "GET /servicenow/incs/INC03/ HTTP/1.1" 200 174
[05/Sep/2019 11:34:08] "GET /servicenow/incs/ HTTP/1.1" 200 822
[05/Sep/2019 11:34:08] "GET /servicenow/apps/ HTTP/1.1" 200 1988
[05/Sep/2019 11:34:20] "GET /servicenow/apps/ HTTP/1.1" 200 1988
[05/Sep/2019 11:34:22] "GET /servicenow/apps/ HTTP/1.1" 200 1988
